2025-12-08 07:06:18 INFO  o.s.c.c.c.ConfigServicePropertySourceLocator - Fetching config from server at : http://localhost:8888
2025-12-08 07:06:18 INFO  o.s.c.c.c.ConfigServicePropertySourceLocator - Exception on Url - http://localhost:8888:org.springframework.web.client.ResourceAccessException: I/O error on GET request for "http://localhost:8888/api-gateway/default": Connection refused. Will be trying the next url if available
2025-12-08 07:06:18 WARN  o.s.c.c.c.ConfigServicePropertySourceLocator - Could not locate PropertySource: I/O error on GET request for "http://localhost:8888/api-gateway/default": Connection refused
2025-12-08 07:06:18 INFO  c.q.a.ApiGatewayApplication - No active profile set, falling back to 1 default profile: "default"
2025-12-08 07:06:18 INFO  o.s.c.c.c.ConfigServerConfigDataLoader - Fetching config from server at : http://server:8888
2025-12-08 07:06:18 INFO  o.s.c.c.c.ConfigServerConfigDataLoader - Located environment: name=api-gateway, profiles=[default], label=null, version=af83fdce6b76ee721af13e0cb0482b4c329a9e70, state=
2025-12-08 07:06:23 INFO  o.s.cloud.context.scope.GenericScope - BeanFactory id=73eaaeb0-6765-3a3b-b98e-b3699747e12a
2025-12-08 07:06:31 INFO  o.s.c.g.r.RouteDefinitionRouteLocator - Loaded RoutePredicateFactory [After]
2025-12-08 07:06:31 INFO  o.s.c.g.r.RouteDefinitionRouteLocator - Loaded RoutePredicateFactory [Before]
2025-12-08 07:06:31 INFO  o.s.c.g.r.RouteDefinitionRouteLocator - Loaded RoutePredicateFactory [Between]
2025-12-08 07:06:31 INFO  o.s.c.g.r.RouteDefinitionRouteLocator - Loaded RoutePredicateFactory [Cookie]
2025-12-08 07:06:31 INFO  o.s.c.g.r.RouteDefinitionRouteLocator - Loaded RoutePredicateFactory [Header]
2025-12-08 07:06:31 INFO  o.s.c.g.r.RouteDefinitionRouteLocator - Loaded RoutePredicateFactory [Host]
2025-12-08 07:06:31 INFO  o.s.c.g.r.RouteDefinitionRouteLocator - Loaded RoutePredicateFactory [Method]
2025-12-08 07:06:31 INFO  o.s.c.g.r.RouteDefinitionRouteLocator - Loaded RoutePredicateFactory [Path]
2025-12-08 07:06:31 INFO  o.s.c.g.r.RouteDefinitionRouteLocator - Loaded RoutePredicateFactory [Query]
2025-12-08 07:06:31 INFO  o.s.c.g.r.RouteDefinitionRouteLocator - Loaded RoutePredicateFactory [ReadBody]
2025-12-08 07:06:31 INFO  o.s.c.g.r.RouteDefinitionRouteLocator - Loaded RoutePredicateFactory [RemoteAddr]
2025-12-08 07:06:31 INFO  o.s.c.g.r.RouteDefinitionRouteLocator - Loaded RoutePredicateFactory [XForwardedRemoteAddr]
2025-12-08 07:06:31 INFO  o.s.c.g.r.RouteDefinitionRouteLocator - Loaded RoutePredicateFactory [Weight]
2025-12-08 07:06:31 INFO  o.s.c.g.r.RouteDefinitionRouteLocator - Loaded RoutePredicateFactory [CloudFoundryRouteService]
2025-12-08 07:06:33 INFO  o.s.c.n.e.c.DiscoveryClientOptionalArgsConfiguration - Eureka HTTP Client uses RestTemplate.
2025-12-08 07:06:33 WARN  o.s.c.l.c.LoadBalancerCacheAutoConfiguration$LoadBalancerCaffeineWarnLogger - Spring Cloud LoadBalancer is currently working with the default cache. While this cache implementation is useful for development and tests, it's recommended to use Caffeine cache in production.You can switch to using Caffeine cache, by adding it and org.springframework.cache.caffeine.CaffeineCacheManager to the classpath.
2025-12-08 07:06:34 INFO  o.s.c.n.eureka.InstanceInfoFactory - Setting initial instance status as: STARTING
2025-12-08 07:06:34 INFO  c.netflix.discovery.DiscoveryClient - Initializing Eureka in region us-east-1
2025-12-08 07:06:34 INFO  c.n.d.s.r.aws.ConfigClusterResolver - Resolving eureka endpoints via configuration
2025-12-08 07:06:34 INFO  c.netflix.discovery.DiscoveryClient - Disable delta property : false
2025-12-08 07:06:34 INFO  c.netflix.discovery.DiscoveryClient - Single vip registry refresh property : null
2025-12-08 07:06:34 INFO  c.netflix.discovery.DiscoveryClient - Force full registry fetch : false
2025-12-08 07:06:34 INFO  c.netflix.discovery.DiscoveryClient - Application is null : false
2025-12-08 07:06:34 INFO  c.netflix.discovery.DiscoveryClient - Registered Applications size is zero : true
2025-12-08 07:06:34 INFO  c.netflix.discovery.DiscoveryClient - Application version is -1: true
2025-12-08 07:06:34 INFO  c.netflix.discovery.DiscoveryClient - Getting all instance registry info from the eureka server
2025-12-08 07:06:37 INFO  c.netflix.discovery.DiscoveryClient - The response status is 200
2025-12-08 07:06:37 INFO  c.netflix.discovery.DiscoveryClient - Starting heartbeat executor: renew interval is: 30
2025-12-08 07:06:37 INFO  c.n.discovery.InstanceInfoReplicator - InstanceInfoReplicator onDemand update allowed rate per min is 4
2025-12-08 07:06:37 INFO  c.netflix.discovery.DiscoveryClient - Discovery Client initialized at timestamp 1765177597116 with initial instances count: 1
2025-12-08 07:06:37 INFO  o.s.c.n.e.s.EurekaServiceRegistry - Registering application API-GATEWAY with eureka with status UP
2025-12-08 07:06:37 INFO  c.netflix.discovery.DiscoveryClient - Saw local status change event StatusChangeEvent [timestamp=1765177597150, current=UP, previous=STARTING]
2025-12-08 07:06:37 INFO  c.netflix.discovery.DiscoveryClient - DiscoveryClient_API-GATEWAY/2e0bcbf0070f:api-gateway:8765: registering service...
2025-12-08 07:06:38 INFO  c.netflix.discovery.DiscoveryClient - DiscoveryClient_API-GATEWAY/2e0bcbf0070f:api-gateway:8765 - registration status: 204
2025-12-08 07:06:39 INFO  o.s.b.w.e.netty.NettyWebServer - Netty started on port 8765 (http)
2025-12-08 07:06:39 INFO  o.s.c.n.e.s.EurekaAutoServiceRegistration - Updating port to 8765
2025-12-08 07:06:39 INFO  c.q.a.ApiGatewayApplication - Started ApiGatewayApplication in 33.402 seconds (process running for 35.789)
2025-12-08 07:11:34 INFO  c.n.d.s.r.aws.ConfigClusterResolver - Resolving eureka endpoints via configuration
2025-12-08 07:16:34 INFO  c.n.d.s.r.aws.ConfigClusterResolver - Resolving eureka endpoints via configuration
2025-12-08 07:21:34 INFO  c.n.d.s.r.aws.ConfigClusterResolver - Resolving eureka endpoints via configuration
2025-12-08 07:26:34 INFO  c.n.d.s.r.aws.ConfigClusterResolver - Resolving eureka endpoints via configuration
2025-12-08 07:31:34 INFO  c.n.d.s.r.aws.ConfigClusterResolver - Resolving eureka endpoints via configuration
