2025-12-21 11:29:39 INFO  c.m.s.ServiceRegistryApplication - The following 1 profile is active: "local"
2025-12-21 11:29:40 INFO  o.s.cloud.context.scope.GenericScope - BeanFactory id=4d471715-192c-36d7-b7c8-8654791ffde7
2025-12-21 11:29:41 INFO  o.s.b.w.e.tomcat.TomcatWebServer - Tomcat initialized with port 8761 (http)
2025-12-21 11:29:41 INFO  o.a.catalina.core.StandardService - Starting service [Tomcat]
2025-12-21 11:29:41 INFO  o.a.catalina.core.StandardEngine - Starting Servlet engine: [Apache Tomcat/10.1.49]
2025-12-21 11:29:41 INFO  o.a.c.c.C.[Tomcat].[localhost].[/] - Initializing Spring embedded WebApplicationContext
2025-12-21 11:29:41 INFO  o.s.b.w.s.c.ServletWebServerApplicationContext - Root WebApplicationContext: initialization completed in 1352 ms
2025-12-21 11:29:42 INFO  c.n.d.p.DiscoveryJerseyProvider - Using JSON encoding codec LegacyJacksonJson
2025-12-21 11:29:42 INFO  c.n.d.p.DiscoveryJerseyProvider - Using JSON decoding codec LegacyJacksonJson
2025-12-21 11:29:42 INFO  c.n.d.p.DiscoveryJerseyProvider - Using XML encoding codec XStreamXml
2025-12-21 11:29:42 INFO  c.n.d.p.DiscoveryJerseyProvider - Using XML decoding codec XStreamXml
2025-12-21 11:29:42 INFO  o.s.v.b.OptionalValidatorFactoryBean - Failed to set up a Bean Validation provider: jakarta.validation.NoProviderFoundException: Unable to create a Configuration, because no Jakarta Bean Validation provider could be found. Add a provider like Hibernate Validator (RI) to your classpath.
2025-12-21 11:29:44 INFO  o.s.cloud.commons.util.InetUtils - Cannot determine local hostname
2025-12-21 11:29:45 INFO  o.s.cloud.commons.util.InetUtils - Cannot determine local hostname
2025-12-21 11:29:45 WARN  o.s.c.l.c.LoadBalancerCacheAutoConfiguration$LoadBalancerCaffeineWarnLogger - Spring Cloud LoadBalancer is currently working with the default cache. While this cache implementation is useful for development and tests, it's recommended to use Caffeine cache in production.You can switch to using Caffeine cache, by adding it and org.springframework.cache.caffeine.CaffeineCacheManager to the classpath.
2025-12-21 11:29:45 INFO  o.s.c.n.eureka.InstanceInfoFactory - Setting initial instance status as: STARTING
2025-12-21 11:29:45 INFO  c.netflix.discovery.DiscoveryClient - Initializing Eureka in region us-east-1
2025-12-21 11:29:45 INFO  c.netflix.discovery.DiscoveryClient - Client configured to neither register nor query for data.
2025-12-21 11:29:45 INFO  c.netflix.discovery.DiscoveryClient - Discovery Client initialized at timestamp 1766296785646 with initial instances count: 0
2025-12-21 11:29:45 INFO  c.n.e.DefaultEurekaServerContext - Initializing ...
2025-12-21 11:29:45 WARN  c.n.eureka.cluster.PeerEurekaNodes - The replica size seems to be empty. Check the route 53 DNS Registry
2025-12-21 11:29:45 INFO  c.n.e.r.AbstractInstanceRegistry - Finished initializing remote region registries. All known remote regions: []
2025-12-21 11:29:45 INFO  c.n.e.DefaultEurekaServerContext - Initialized
2025-12-21 11:29:45 INFO  o.s.b.a.e.web.EndpointLinksResolver - Exposing 18 endpoints beneath base path '/actuator'
2025-12-21 11:29:45 INFO  o.s.c.n.e.s.EurekaServiceRegistry - Registering application SERVICE-REGISTRY with eureka with status UP
2025-12-21 11:29:45 INFO  o.s.c.n.e.s.EurekaServerBootstrap - isAws returned false
2025-12-21 11:29:45 INFO  o.s.c.n.e.s.EurekaServerBootstrap - Initialized server context
2025-12-21 11:29:45 INFO  c.n.e.r.PeerAwareInstanceRegistryImpl - Got 1 instances from neighboring DS node
2025-12-21 11:29:45 INFO  c.n.e.r.PeerAwareInstanceRegistryImpl - Renew threshold is: 1
2025-12-21 11:29:45 INFO  c.n.e.r.PeerAwareInstanceRegistryImpl - Changing status to UP
2025-12-21 11:29:45 INFO  o.s.c.n.e.s.EurekaServerInitializerConfiguration - Started Eureka Server
2025-12-21 11:29:45 INFO  o.s.b.w.e.tomcat.TomcatWebServer - Tomcat started on port 8761 (http) with context path '/'
2025-12-21 11:29:45 INFO  o.s.c.n.e.s.EurekaAutoServiceRegistration - Updating port to 8761
2025-12-21 11:29:46 INFO  o.s.cloud.commons.util.InetUtils - Cannot determine local hostname
2025-12-21 11:29:46 INFO  c.m.s.ServiceRegistryApplication - Started ServiceRegistryApplication in 10.103 seconds (process running for 10.873)
2025-12-21 11:30:01 INFO  o.a.c.c.C.[Tomcat].[localhost].[/] - Initializing Spring DispatcherServlet 'dispatcherServlet'
2025-12-21 11:30:01 INFO  o.s.web.servlet.DispatcherServlet - Initializing Servlet 'dispatcherServlet'
2025-12-21 11:30:01 INFO  o.s.web.servlet.DispatcherServlet - Completed initialization in 2 ms
2025-12-21 11:30:01 INFO  c.n.e.r.AbstractInstanceRegistry - Registered instance CONFIGSERVER/localhost:configserver:8888 with status UP (replication=false)
2025-12-21 11:30:23 INFO  c.n.e.r.AbstractInstanceRegistry - Registered instance FLIGHTSERVICE/localhost:flightservice:0 with status UP (replication=false)
2025-12-21 11:30:24 INFO  c.n.e.r.AbstractInstanceRegistry - Registered instance BOOKINGSERVICE/localhost:bookingservice:0 with status UP (replication=false)
2025-12-21 11:30:45 INFO  c.n.e.r.AbstractInstanceRegistry - Running the evict task with compensationTime 0ms
2025-12-21 11:31:45 INFO  c.n.e.r.AbstractInstanceRegistry - Running the evict task with compensationTime 0ms
2025-12-21 11:32:45 INFO  c.n.e.r.AbstractInstanceRegistry - Running the evict task with compensationTime 2ms
2025-12-21 11:33:45 INFO  c.n.e.r.AbstractInstanceRegistry - Running the evict task with compensationTime 7ms
2025-12-21 11:34:45 INFO  c.n.e.r.AbstractInstanceRegistry - Running the evict task with compensationTime 1ms
2025-12-21 11:35:45 INFO  c.n.e.r.AbstractInstanceRegistry - Running the evict task with compensationTime 10ms
2025-12-21 11:36:45 INFO  c.n.e.r.AbstractInstanceRegistry - Running the evict task with compensationTime 1ms
2025-12-21 11:37:45 INFO  c.n.e.r.AbstractInstanceRegistry - Running the evict task with compensationTime 7ms
2025-12-21 11:38:45 INFO  c.n.e.r.AbstractInstanceRegistry - Running the evict task with compensationTime 10ms
2025-12-21 11:39:45 WARN  c.n.eureka.cluster.PeerEurekaNodes - The replica size seems to be empty. Check the route 53 DNS Registry
2025-12-21 11:39:45 INFO  c.n.e.r.AbstractInstanceRegistry - Running the evict task with compensationTime 13ms
2025-12-21 11:40:45 INFO  c.n.e.r.AbstractInstanceRegistry - Running the evict task with compensationTime 13ms
2025-12-21 11:41:45 INFO  c.n.e.r.AbstractInstanceRegistry - Running the evict task with compensationTime 12ms
2025-12-21 11:42:45 INFO  c.n.e.r.AbstractInstanceRegistry - Running the evict task with compensationTime 2ms
2025-12-21 11:43:45 INFO  c.n.e.r.AbstractInstanceRegistry - Running the evict task with compensationTime 5ms
2025-12-21 11:44:45 INFO  c.n.e.r.PeerAwareInstanceRegistryImpl - Current renewal threshold is : 6
2025-12-21 11:44:45 INFO  c.n.e.r.AbstractInstanceRegistry - Running the evict task with compensationTime 10ms
2025-12-21 11:47:06 INFO  c.m.s.ServiceRegistryApplication - The following 1 profile is active: "local"
2025-12-21 11:47:07 INFO  o.s.cloud.context.scope.GenericScope - BeanFactory id=4d471715-192c-36d7-b7c8-8654791ffde7
2025-12-21 11:47:07 INFO  o.s.b.w.e.tomcat.TomcatWebServer - Tomcat initialized with port 8761 (http)
2025-12-21 11:47:07 INFO  o.a.catalina.core.StandardService - Starting service [Tomcat]
2025-12-21 11:47:07 INFO  o.a.catalina.core.StandardEngine - Starting Servlet engine: [Apache Tomcat/10.1.49]
2025-12-21 11:47:07 INFO  o.a.c.c.C.[Tomcat].[localhost].[/] - Initializing Spring embedded WebApplicationContext
2025-12-21 11:47:07 INFO  o.s.b.w.s.c.ServletWebServerApplicationContext - Root WebApplicationContext: initialization completed in 1745 ms
2025-12-21 11:47:12 INFO  c.n.d.p.DiscoveryJerseyProvider - Using JSON encoding codec LegacyJacksonJson
2025-12-21 11:47:12 INFO  c.n.d.p.DiscoveryJerseyProvider - Using JSON decoding codec LegacyJacksonJson
2025-12-21 11:47:13 INFO  c.n.d.p.DiscoveryJerseyProvider - Using XML encoding codec XStreamXml
2025-12-21 11:47:13 INFO  c.n.d.p.DiscoveryJerseyProvider - Using XML decoding codec XStreamXml
2025-12-21 11:47:13 INFO  o.s.v.b.OptionalValidatorFactoryBean - Failed to set up a Bean Validation provider: jakarta.validation.NoProviderFoundException: Unable to create a Configuration, because no Jakarta Bean Validation provider could be found. Add a provider like Hibernate Validator (RI) to your classpath.
2025-12-21 11:47:16 INFO  o.s.cloud.commons.util.InetUtils - Cannot determine local hostname
2025-12-21 11:47:19 INFO  o.s.cloud.commons.util.InetUtils - Cannot determine local hostname
2025-12-21 11:47:19 WARN  o.s.c.l.c.LoadBalancerCacheAutoConfiguration$LoadBalancerCaffeineWarnLogger - Spring Cloud LoadBalancer is currently working with the default cache. While this cache implementation is useful for development and tests, it's recommended to use Caffeine cache in production.You can switch to using Caffeine cache, by adding it and org.springframework.cache.caffeine.CaffeineCacheManager to the classpath.
2025-12-21 11:47:19 INFO  o.s.c.n.eureka.InstanceInfoFactory - Setting initial instance status as: STARTING
2025-12-21 11:47:19 INFO  c.netflix.discovery.DiscoveryClient - Initializing Eureka in region us-east-1
2025-12-21 11:47:19 INFO  c.netflix.discovery.DiscoveryClient - Client configured to neither register nor query for data.
2025-12-21 11:47:19 INFO  c.netflix.discovery.DiscoveryClient - Discovery Client initialized at timestamp 1766297839749 with initial instances count: 0
2025-12-21 11:47:20 INFO  c.n.e.DefaultEurekaServerContext - Initializing ...
2025-12-21 11:47:20 WARN  c.n.eureka.cluster.PeerEurekaNodes - The replica size seems to be empty. Check the route 53 DNS Registry
2025-12-21 11:47:20 INFO  c.n.e.r.AbstractInstanceRegistry - Finished initializing remote region registries. All known remote regions: []
2025-12-21 11:47:20 INFO  c.n.e.DefaultEurekaServerContext - Initialized
2025-12-21 11:47:20 INFO  o.s.b.a.e.web.EndpointLinksResolver - Exposing 18 endpoints beneath base path '/actuator'
2025-12-21 11:47:20 INFO  o.s.c.n.e.s.EurekaServiceRegistry - Registering application SERVICE-REGISTRY with eureka with status UP
2025-12-21 11:47:20 INFO  o.s.c.n.e.s.EurekaServerBootstrap - isAws returned false
2025-12-21 11:47:20 INFO  o.s.c.n.e.s.EurekaServerBootstrap - Initialized server context
2025-12-21 11:47:20 INFO  c.n.e.r.PeerAwareInstanceRegistryImpl - Got 1 instances from neighboring DS node
2025-12-21 11:47:20 INFO  c.n.e.r.PeerAwareInstanceRegistryImpl - Renew threshold is: 1
2025-12-21 11:47:20 INFO  c.n.e.r.PeerAwareInstanceRegistryImpl - Changing status to UP
2025-12-21 11:47:20 INFO  o.s.c.n.e.s.EurekaServerInitializerConfiguration - Started Eureka Server
2025-12-21 11:47:20 INFO  o.s.b.w.e.tomcat.TomcatWebServer - Tomcat started on port 8761 (http) with context path '/'
2025-12-21 11:47:20 INFO  o.s.c.n.e.s.EurekaAutoServiceRegistration - Updating port to 8761
2025-12-21 11:47:21 INFO  o.s.cloud.commons.util.InetUtils - Cannot determine local hostname
2025-12-21 11:47:21 INFO  c.m.s.ServiceRegistryApplication - Started ServiceRegistryApplication in 19.278 seconds (process running for 20.108)
2025-12-21 11:48:02 INFO  o.a.c.c.C.[Tomcat].[localhost].[/] - Initializing Spring DispatcherServlet 'dispatcherServlet'
2025-12-21 11:48:02 INFO  o.s.web.servlet.DispatcherServlet - Initializing Servlet 'dispatcherServlet'
2025-12-21 11:48:02 INFO  o.s.web.servlet.DispatcherServlet - Completed initialization in 5 ms
2025-12-21 11:48:03 INFO  c.n.e.r.AbstractInstanceRegistry - Registered instance CONFIGSERVER/localhost:configserver:8888 with status UP (replication=false)
2025-12-21 11:48:20 INFO  c.n.e.r.AbstractInstanceRegistry - Running the evict task with compensationTime 0ms
2025-12-21 11:48:26 INFO  c.n.e.r.AbstractInstanceRegistry - Registered instance FLIGHTSERVICE/localhost:flightservice with status DOWN (replication=false)
2025-12-21 11:48:26 INFO  c.n.e.r.AbstractInstanceRegistry - Registered instance FLIGHTSERVICE/localhost:flightservice with status DOWN (replication=false)
2025-12-21 11:48:26 INFO  c.n.e.r.AbstractInstanceRegistry - Cancelled instance FLIGHTSERVICE/localhost:flightservice (replication=false)
2025-12-21 11:48:38 INFO  c.n.e.r.AbstractInstanceRegistry - Registered instance BOOKINGSERVICE/localhost:bookingservice:0 with status UP (replication=false)
2025-12-21 11:49:20 INFO  c.n.e.r.AbstractInstanceRegistry - Running the evict task with compensationTime 0ms
2025-12-21 11:50:20 INFO  c.n.e.r.AbstractInstanceRegistry - Running the evict task with compensationTime 9ms
2025-12-21 11:51:20 INFO  c.n.e.r.AbstractInstanceRegistry - Running the evict task with compensationTime 14ms
2025-12-21 11:52:20 INFO  c.n.e.r.AbstractInstanceRegistry - Running the evict task with compensationTime 4ms
2025-12-21 11:53:20 INFO  c.n.e.r.AbstractInstanceRegistry - Running the evict task with compensationTime 13ms
2025-12-21 11:54:20 INFO  c.n.e.r.AbstractInstanceRegistry - Running the evict task with compensationTime 3ms
2025-12-21 11:55:20 INFO  c.n.e.r.AbstractInstanceRegistry - Running the evict task with compensationTime 2ms
2025-12-21 11:56:20 INFO  c.n.e.r.AbstractInstanceRegistry - Running the evict task with compensationTime 14ms
2025-12-21 11:57:20 WARN  c.n.eureka.cluster.PeerEurekaNodes - The replica size seems to be empty. Check the route 53 DNS Registry
2025-12-21 11:57:20 INFO  c.n.e.r.AbstractInstanceRegistry - Running the evict task with compensationTime 11ms
2025-12-21 11:58:20 INFO  c.n.e.r.AbstractInstanceRegistry - Running the evict task with compensationTime 9ms
2025-12-21 11:59:20 INFO  c.n.e.r.AbstractInstanceRegistry - Running the evict task with compensationTime 6ms
2025-12-21 12:00:20 INFO  c.n.e.r.AbstractInstanceRegistry - Running the evict task with compensationTime 12ms
