2025-12-20 03:44:23 INFO  c.a.a.AuthServiceApplication - Starting AuthServiceApplication v0.0.1-SNAPSHOT using Java 17.0.17 with PID 1 (/app/app.jar started by root in /app)
2025-12-20 03:44:23 INFO  c.a.a.AuthServiceApplication - No active profile set, falling back to 1 default profile: "default"
2025-12-20 03:44:24 INFO  o.s.c.c.c.ConfigServerConfigDataLoader - Fetching config from server at : http://server:8888
2025-12-20 03:44:24 INFO  o.s.c.c.c.ConfigServerConfigDataLoader - Located environment: name=auth-service, profiles=[default], label=null, version=7be84bf1083f395bb49a318fbf0cbf3d214d5d31, state=
2025-12-20 03:44:36 INFO  o.s.d.r.c.RepositoryConfigurationDelegate - Bootstrapping Spring Data MongoDB repositories in DEFAULT mode.
2025-12-20 03:44:39 INFO  o.s.d.r.c.RepositoryConfigurationDelegate - Finished Spring Data repository scanning in 2307 ms. Found 1 MongoDB repository interface.
2025-12-20 03:44:43 INFO  o.s.cloud.context.scope.GenericScope - BeanFactory id=7a58d3d3-72b5-3007-86b9-958b2cfac283
2025-12-20 03:44:47 INFO  o.s.b.w.e.tomcat.TomcatWebServer - Tomcat initialized with port 0 (http)
2025-12-20 03:44:47 INFO  o.a.catalina.core.StandardService - Starting service [Tomcat]
2025-12-20 03:44:47 INFO  o.a.catalina.core.StandardEngine - Starting Servlet engine: [Apache Tomcat/10.1.49]
2025-12-20 03:44:47 INFO  o.a.c.c.C.[Tomcat].[localhost].[/] - Initializing Spring embedded WebApplicationContext
2025-12-20 03:44:47 INFO  o.s.b.w.s.c.ServletWebServerApplicationContext - Root WebApplicationContext: initialization completed in 23599 ms
2025-12-20 03:44:55 INFO  org.mongodb.driver.client - MongoClient with metadata {"driver": {"name": "mongo-java-driver|sync|spring-boot", "version": "5.2.1"}, "os": {"type": "Linux", "name": "Linux", "architecture": "amd64", "version": "5.15.167.4-microsoft-standard-WSL2"}, "platform": "Java/Eclipse Adoptium/17.0.17+10", "env": {"container": {"runtime": "docker"}}} created with settings MongoClientSettings{readPreference=primary, writeConcern=WriteConcern{w=null, wTimeout=null ms, journal=null}, retryWrites=true, retryReads=true, readConcern=ReadConcern{level=null}, credential=MongoCredential{mechanism=null, userName='root', source='admin', password=<hidden>, mechanismProperties=<hidden>}, transportSettings=null, commandListeners=[], codecRegistry=ProvidersCodecRegistry{codecProviders=[ValueCodecProvider{}, BsonValueCodecProvider{}, DBRefCodecProvider{}, DBObjectCodecProvider{}, DocumentCodecProvider{}, CollectionCodecProvider{}, IterableCodecProvider{}, MapCodecProvider{}, GeoJsonCodecProvider{}, GridFSFileCodecProvider{}, Jsr310CodecProvider{}, JsonObjectCodecProvider{}, BsonCodecProvider{}, EnumCodecProvider{}, com.mongodb.client.model.mql.ExpressionCodecProvider@58882a93, com.mongodb.Jep395RecordCodecProvider@15e08615, com.mongodb.KotlinCodecProvider@19dac2d6]}, loggerSettings=LoggerSettings{maxDocumentLength=1000}, clusterSettings={hosts=[mongodb:27017], srvServiceName=mongodb, mode=SINGLE, requiredClusterType=UNKNOWN, requiredReplicaSetName='null', serverSelector='null', clusterListeners='[]', serverSelectionTimeout='30000 ms', localThreshold='15 ms'}, socketSettings=SocketSettings{connectTimeoutMS=10000, readTimeoutMS=0, receiveBufferSize=0, proxySettings=ProxySettings{host=null, port=null, username=null, password=null}}, heartbeatSocketSettings=SocketSettings{connectTimeoutMS=10000, readTimeoutMS=10000, receiveBufferSize=0, proxySettings=ProxySettings{host=null, port=null, username=null, password=null}}, connectionPoolSettings=ConnectionPoolSettings{maxSize=100, minSize=0, maxWaitTimeMS=120000, maxConnectionLifeTimeMS=0, maxConnectionIdleTimeMS=0, maintenanceInitialDelayMS=0, maintenanceFrequencyMS=60000, connectionPoolListeners=[], maxConnecting=2}, serverSettings=ServerSettings{heartbeatFrequencyMS=10000, minHeartbeatFrequencyMS=500, serverMonitoringMode=AUTO, serverListeners='[]', serverMonitorListeners='[]'}, sslSettings=SslSettings{enabled=false, invalidHostNameAllowed=false, context=null}, applicationName='null', compressorList=[], uuidRepresentation=JAVA_LEGACY, serverApi=null, autoEncryptionSettings=null, dnsClient=null, inetAddressResolver=null, contextProvider=null, timeoutMS=null}
2025-12-20 03:44:55 INFO  org.mongodb.driver.cluster - Monitor thread successfully connected to server with description ServerDescription{address=mongodb:27017, type=STANDALONE, cryptd=false, state=CONNECTED, ok=true, minWireVersion=0, maxWireVersion=21, maxDocumentSize=16777216, logicalSessionTimeoutMinutes=30, roundTripTimeNanos=606032436, minRoundTripTimeNanos=0}
2025-12-20 03:45:02 INFO  o.s.s.c.a.a.c.InitializeUserDetailsBeanManagerConfigurer$InitializeUserDetailsManagerConfigurer - Global AuthenticationManager configured with UserDetailsService bean with name customUserDetailsService
2025-12-20 03:45:13 INFO  o.s.c.n.e.c.DiscoveryClientOptionalArgsConfiguration - Eureka HTTP Client uses RestTemplate.
2025-12-20 03:45:14 WARN  o.s.c.l.c.LoadBalancerCacheAutoConfiguration$LoadBalancerCaffeineWarnLogger - Spring Cloud LoadBalancer is currently working with the default cache. While this cache implementation is useful for development and tests, it's recommended to use Caffeine cache in production.You can switch to using Caffeine cache, by adding it and org.springframework.cache.caffeine.CaffeineCacheManager to the classpath.
2025-12-20 03:45:15 INFO  o.s.b.w.e.tomcat.TomcatWebServer - Tomcat started on port 34669 (http) with context path '/'
2025-12-20 03:45:15 INFO  o.s.c.n.e.s.EurekaAutoServiceRegistration - Updating port to 34669
2025-12-20 03:45:15 INFO  o.s.c.n.eureka.InstanceInfoFactory - Setting initial instance status as: STARTING
2025-12-20 03:45:15 INFO  c.netflix.discovery.DiscoveryClient - Initializing Eureka in region us-east-1
2025-12-20 03:45:15 INFO  c.n.d.s.r.aws.ConfigClusterResolver - Resolving eureka endpoints via configuration
2025-12-20 03:45:16 INFO  c.netflix.discovery.DiscoveryClient - Disable delta property : false
2025-12-20 03:45:16 INFO  c.netflix.discovery.DiscoveryClient - Single vip registry refresh property : null
2025-12-20 03:45:16 INFO  c.netflix.discovery.DiscoveryClient - Force full registry fetch : false
2025-12-20 03:45:16 INFO  c.netflix.discovery.DiscoveryClient - Application is null : false
2025-12-20 03:45:16 INFO  c.netflix.discovery.DiscoveryClient - Registered Applications size is zero : true
2025-12-20 03:45:16 INFO  c.netflix.discovery.DiscoveryClient - Application version is -1: true
2025-12-20 03:45:16 INFO  c.netflix.discovery.DiscoveryClient - Getting all instance registry info from the eureka server
2025-12-20 03:45:21 INFO  c.netflix.discovery.DiscoveryClient - The response status is 200
2025-12-20 03:45:21 INFO  c.netflix.discovery.DiscoveryClient - Starting heartbeat executor: renew interval is: 30
2025-12-20 03:45:21 INFO  c.n.discovery.InstanceInfoReplicator - InstanceInfoReplicator onDemand update allowed rate per min is 4
2025-12-20 03:45:22 INFO  c.netflix.discovery.DiscoveryClient - Discovery Client initialized at timestamp 1766202322032 with initial instances count: 1
2025-12-20 03:45:22 INFO  o.s.c.n.e.s.EurekaServiceRegistry - Registering application AUTH-SERVICE with eureka with status UP
2025-12-20 03:45:22 INFO  c.netflix.discovery.DiscoveryClient - Saw local status change event StatusChangeEvent [timestamp=1766202322108, current=UP, previous=STARTING]
2025-12-20 03:45:22 INFO  c.netflix.discovery.DiscoveryClient - DiscoveryClient_AUTH-SERVICE/6a7e071ea3c3:auth-service:0: registering service...
2025-12-20 03:45:22 INFO  c.a.a.AuthServiceApplication - Started AuthServiceApplication in 78.809 seconds (process running for 86.522)
2025-12-20 03:45:23 INFO  c.netflix.discovery.DiscoveryClient - DiscoveryClient_AUTH-SERVICE/6a7e071ea3c3:auth-service:0 - registration status: 204
2025-12-20 03:50:16 INFO  c.n.d.s.r.aws.ConfigClusterResolver - Resolving eureka endpoints via configuration
2025-12-20 03:55:16 INFO  c.n.d.s.r.aws.ConfigClusterResolver - Resolving eureka endpoints via configuration
2025-12-20 04:00:16 INFO  c.n.d.s.r.aws.ConfigClusterResolver - Resolving eureka endpoints via configuration
2025-12-20 04:03:39 INFO  o.a.c.c.C.[Tomcat].[localhost].[/] - Initializing Spring DispatcherServlet 'dispatcherServlet'
2025-12-20 04:03:39 INFO  o.s.web.servlet.DispatcherServlet - Initializing Servlet 'dispatcherServlet'
2025-12-20 04:03:39 INFO  o.s.web.servlet.DispatcherServlet - Completed initialization in 19 ms
2025-12-20 04:05:15 INFO  c.n.d.s.r.aws.ConfigClusterResolver - Resolving eureka endpoints via configuration
2025-12-20 04:10:15 INFO  c.n.d.s.r.aws.ConfigClusterResolver - Resolving eureka endpoints via configuration
2025-12-20 04:15:15 INFO  c.n.d.s.r.aws.ConfigClusterResolver - Resolving eureka endpoints via configuration
2025-12-20 04:20:15 INFO  c.n.d.s.r.aws.ConfigClusterResolver - Resolving eureka endpoints via configuration
2025-12-20 04:25:15 INFO  c.n.d.s.r.aws.ConfigClusterResolver - Resolving eureka endpoints via configuration
2025-12-20 04:30:15 INFO  c.n.d.s.r.aws.ConfigClusterResolver - Resolving eureka endpoints via configuration
2025-12-20 04:35:15 INFO  c.n.d.s.r.aws.ConfigClusterResolver - Resolving eureka endpoints via configuration
2025-12-20 04:40:15 INFO  c.n.d.s.r.aws.ConfigClusterResolver - Resolving eureka endpoints via configuration
2025-12-20 04:45:15 INFO  c.n.d.s.r.aws.ConfigClusterResolver - Resolving eureka endpoints via configuration
2025-12-20 04:50:15 INFO  c.n.d.s.r.aws.ConfigClusterResolver - Resolving eureka endpoints via configuration
2025-12-20 04:55:15 INFO  c.n.d.s.r.aws.ConfigClusterResolver - Resolving eureka endpoints via configuration
2025-12-20 05:00:15 INFO  c.n.d.s.r.aws.ConfigClusterResolver - Resolving eureka endpoints via configuration
2025-12-20 05:05:15 INFO  c.n.d.s.r.aws.ConfigClusterResolver - Resolving eureka endpoints via configuration
2025-12-20 05:10:15 INFO  c.n.d.s.r.aws.ConfigClusterResolver - Resolving eureka endpoints via configuration
2025-12-20 05:15:15 INFO  c.n.d.s.r.aws.ConfigClusterResolver - Resolving eureka endpoints via configuration
2025-12-20 05:20:15 INFO  c.n.d.s.r.aws.ConfigClusterResolver - Resolving eureka endpoints via configuration
2025-12-20 05:25:15 INFO  c.n.d.s.r.aws.ConfigClusterResolver - Resolving eureka endpoints via configuration
2025-12-20 05:30:15 INFO  c.n.d.s.r.aws.ConfigClusterResolver - Resolving eureka endpoints via configuration
2025-12-20 05:35:15 INFO  c.n.d.s.r.aws.ConfigClusterResolver - Resolving eureka endpoints via configuration
2025-12-20 05:40:15 INFO  c.n.d.s.r.aws.ConfigClusterResolver - Resolving eureka endpoints via configuration
2025-12-20 05:45:15 INFO  c.n.d.s.r.aws.ConfigClusterResolver - Resolving eureka endpoints via configuration
2025-12-20 05:50:15 INFO  c.n.d.s.r.aws.ConfigClusterResolver - Resolving eureka endpoints via configuration
2025-12-20 05:55:15 INFO  c.n.d.s.r.aws.ConfigClusterResolver - Resolving eureka endpoints via configuration
2025-12-20 05:57:33 INFO  o.s.c.n.e.s.EurekaServiceRegistry - Unregistering application AUTH-SERVICE with eureka with status DOWN
2025-12-20 05:57:33 INFO  c.netflix.discovery.DiscoveryClient - Saw local status change event StatusChangeEvent [timestamp=1766210253240, current=DOWN, previous=UP]
2025-12-20 05:57:33 INFO  c.netflix.discovery.DiscoveryClient - DiscoveryClient_AUTH-SERVICE/6a7e071ea3c3:auth-service:0: registering service...
2025-12-20 05:57:34 INFO  c.netflix.discovery.DiscoveryClient - DiscoveryClient_AUTH-SERVICE/6a7e071ea3c3:auth-service:0 - registration status: 204
2025-12-20 05:57:34 INFO  o.s.b.w.e.tomcat.GracefulShutdown - Commencing graceful shutdown. Waiting for active requests to complete
2025-12-20 05:57:36 INFO  o.s.b.w.e.tomcat.GracefulShutdown - Graceful shutdown complete
2025-12-20 05:57:39 INFO  c.netflix.discovery.DiscoveryClient - Shutting down DiscoveryClient ...
2025-12-20 09:01:29 INFO  c.a.a.AuthServiceApplication - Starting AuthServiceApplication v0.0.1-SNAPSHOT using Java 17.0.17 with PID 1 (/app/app.jar started by root in /app)
2025-12-20 09:01:29 INFO  c.a.a.AuthServiceApplication - No active profile set, falling back to 1 default profile: "default"
2025-12-20 09:01:30 INFO  o.s.c.c.c.ConfigServerConfigDataLoader - Fetching config from server at : http://server:8888
2025-12-20 09:01:30 INFO  o.s.c.c.c.ConfigServerConfigDataLoader - Located environment: name=auth-service, profiles=[default], label=null, version=7be84bf1083f395bb49a318fbf0cbf3d214d5d31, state=
2025-12-20 09:01:51 INFO  o.s.d.r.c.RepositoryConfigurationDelegate - Bootstrapping Spring Data MongoDB repositories in DEFAULT mode.
2025-12-20 09:01:54 INFO  o.s.d.r.c.RepositoryConfigurationDelegate - Finished Spring Data repository scanning in 2550 ms. Found 1 MongoDB repository interface.
2025-12-20 09:02:02 INFO  o.s.cloud.context.scope.GenericScope - BeanFactory id=7a58d3d3-72b5-3007-86b9-958b2cfac283
2025-12-20 09:02:07 INFO  o.s.b.w.e.tomcat.TomcatWebServer - Tomcat initialized with port 0 (http)
2025-12-20 09:02:07 INFO  o.a.catalina.core.StandardService - Starting service [Tomcat]
2025-12-20 09:02:07 INFO  o.a.catalina.core.StandardEngine - Starting Servlet engine: [Apache Tomcat/10.1.49]
2025-12-20 09:02:08 INFO  o.a.c.c.C.[Tomcat].[localhost].[/] - Initializing Spring embedded WebApplicationContext
2025-12-20 09:02:08 INFO  o.s.b.w.s.c.ServletWebServerApplicationContext - Root WebApplicationContext: initialization completed in 37345 ms
2025-12-20 09:02:15 INFO  org.mongodb.driver.client - MongoClient with metadata {"driver": {"name": "mongo-java-driver|sync|spring-boot", "version": "5.2.1"}, "os": {"type": "Linux", "name": "Linux", "architecture": "amd64", "version": "5.15.167.4-microsoft-standard-WSL2"}, "platform": "Java/Eclipse Adoptium/17.0.17+10", "env": {"container": {"runtime": "docker"}}} created with settings MongoClientSettings{readPreference=primary, writeConcern=WriteConcern{w=null, wTimeout=null ms, journal=null}, retryWrites=true, retryReads=true, readConcern=ReadConcern{level=null}, credential=MongoCredential{mechanism=null, userName='root', source='admin', password=<hidden>, mechanismProperties=<hidden>}, transportSettings=null, commandListeners=[], codecRegistry=ProvidersCodecRegistry{codecProviders=[ValueCodecProvider{}, BsonValueCodecProvider{}, DBRefCodecProvider{}, DBObjectCodecProvider{}, DocumentCodecProvider{}, CollectionCodecProvider{}, IterableCodecProvider{}, MapCodecProvider{}, GeoJsonCodecProvider{}, GridFSFileCodecProvider{}, Jsr310CodecProvider{}, JsonObjectCodecProvider{}, BsonCodecProvider{}, EnumCodecProvider{}, com.mongodb.client.model.mql.ExpressionCodecProvider@15e08615, com.mongodb.Jep395RecordCodecProvider@19dac2d6, com.mongodb.KotlinCodecProvider@7e2bc2f4]}, loggerSettings=LoggerSettings{maxDocumentLength=1000}, clusterSettings={hosts=[mongodb:27017], srvServiceName=mongodb, mode=SINGLE, requiredClusterType=UNKNOWN, requiredReplicaSetName='null', serverSelector='null', clusterListeners='[]', serverSelectionTimeout='30000 ms', localThreshold='15 ms'}, socketSettings=SocketSettings{connectTimeoutMS=10000, readTimeoutMS=0, receiveBufferSize=0, proxySettings=ProxySettings{host=null, port=null, username=null, password=null}}, heartbeatSocketSettings=SocketSettings{connectTimeoutMS=10000, readTimeoutMS=10000, receiveBufferSize=0, proxySettings=ProxySettings{host=null, port=null, username=null, password=null}}, connectionPoolSettings=ConnectionPoolSettings{maxSize=100, minSize=0, maxWaitTimeMS=120000, maxConnectionLifeTimeMS=0, maxConnectionIdleTimeMS=0, maintenanceInitialDelayMS=0, maintenanceFrequencyMS=60000, connectionPoolListeners=[], maxConnecting=2}, serverSettings=ServerSettings{heartbeatFrequencyMS=10000, minHeartbeatFrequencyMS=500, serverMonitoringMode=AUTO, serverListeners='[]', serverMonitorListeners='[]'}, sslSettings=SslSettings{enabled=false, invalidHostNameAllowed=false, context=null}, applicationName='null', compressorList=[], uuidRepresentation=JAVA_LEGACY, serverApi=null, autoEncryptionSettings=null, dnsClient=null, inetAddressResolver=null, contextProvider=null, timeoutMS=null}
2025-12-20 09:02:16 INFO  org.mongodb.driver.cluster - Monitor thread successfully connected to server with description ServerDescription{address=mongodb:27017, type=STANDALONE, cryptd=false, state=CONNECTED, ok=true, minWireVersion=0, maxWireVersion=21, maxDocumentSize=16777216, logicalSessionTimeoutMinutes=30, roundTripTimeNanos=746773367, minRoundTripTimeNanos=0}
2025-12-20 09:02:23 INFO  o.s.s.c.a.a.c.InitializeUserDetailsBeanManagerConfigurer$InitializeUserDetailsManagerConfigurer - Global AuthenticationManager configured with UserDetailsService bean with name customUserDetailsService
2025-12-20 09:02:40 INFO  o.s.c.n.e.c.DiscoveryClientOptionalArgsConfiguration - Eureka HTTP Client uses RestTemplate.
2025-12-20 09:02:41 WARN  o.s.c.l.c.LoadBalancerCacheAutoConfiguration$LoadBalancerCaffeineWarnLogger - Spring Cloud LoadBalancer is currently working with the default cache. While this cache implementation is useful for development and tests, it's recommended to use Caffeine cache in production.You can switch to using Caffeine cache, by adding it and org.springframework.cache.caffeine.CaffeineCacheManager to the classpath.
2025-12-20 09:02:42 INFO  o.s.b.w.e.tomcat.TomcatWebServer - Tomcat started on port 44543 (http) with context path '/'
2025-12-20 09:02:42 INFO  o.s.c.n.e.s.EurekaAutoServiceRegistration - Updating port to 44543
2025-12-20 09:02:42 INFO  o.s.c.n.eureka.InstanceInfoFactory - Setting initial instance status as: STARTING
2025-12-20 09:02:43 INFO  c.netflix.discovery.DiscoveryClient - Initializing Eureka in region us-east-1
2025-12-20 09:02:43 INFO  c.n.d.s.r.aws.ConfigClusterResolver - Resolving eureka endpoints via configuration
2025-12-20 09:02:43 INFO  c.netflix.discovery.DiscoveryClient - Disable delta property : false
2025-12-20 09:02:43 INFO  c.netflix.discovery.DiscoveryClient - Single vip registry refresh property : null
2025-12-20 09:02:43 INFO  c.netflix.discovery.DiscoveryClient - Force full registry fetch : false
2025-12-20 09:02:43 INFO  c.netflix.discovery.DiscoveryClient - Application is null : false
2025-12-20 09:02:43 INFO  c.netflix.discovery.DiscoveryClient - Registered Applications size is zero : true
2025-12-20 09:02:43 INFO  c.netflix.discovery.DiscoveryClient - Application version is -1: true
2025-12-20 09:02:43 INFO  c.netflix.discovery.DiscoveryClient - Getting all instance registry info from the eureka server
2025-12-20 09:02:50 INFO  c.netflix.discovery.DiscoveryClient - The response status is 200
2025-12-20 09:02:51 INFO  c.netflix.discovery.DiscoveryClient - Starting heartbeat executor: renew interval is: 30
2025-12-20 09:02:51 INFO  c.n.discovery.InstanceInfoReplicator - InstanceInfoReplicator onDemand update allowed rate per min is 4
2025-12-20 09:02:51 INFO  c.netflix.discovery.DiscoveryClient - Discovery Client initialized at timestamp 1766221371215 with initial instances count: 1
2025-12-20 09:02:51 INFO  o.s.c.n.e.s.EurekaServiceRegistry - Registering application AUTH-SERVICE with eureka with status UP
2025-12-20 09:02:51 INFO  c.netflix.discovery.DiscoveryClient - Saw local status change event StatusChangeEvent [timestamp=1766221371273, current=UP, previous=STARTING]
2025-12-20 09:02:51 INFO  c.netflix.discovery.DiscoveryClient - DiscoveryClient_AUTH-SERVICE/a1fa34bfaaf2:auth-service:0: registering service...
2025-12-20 09:02:51 INFO  c.a.a.AuthServiceApplication - Started AuthServiceApplication in 111.263 seconds (process running for 123.13)
2025-12-20 09:02:51 INFO  c.netflix.discovery.DiscoveryClient - DiscoveryClient_AUTH-SERVICE/a1fa34bfaaf2:auth-service:0 - registration status: 204
2025-12-20 09:07:43 INFO  c.n.d.s.r.aws.ConfigClusterResolver - Resolving eureka endpoints via configuration
2025-12-20 09:09:56 INFO  o.a.c.c.C.[Tomcat].[localhost].[/] - Initializing Spring DispatcherServlet 'dispatcherServlet'
2025-12-20 09:09:56 INFO  o.s.web.servlet.DispatcherServlet - Initializing Servlet 'dispatcherServlet'
2025-12-20 09:09:56 INFO  o.s.web.servlet.DispatcherServlet - Completed initialization in 76 ms
2025-12-20 09:12:43 INFO  c.n.d.s.r.aws.ConfigClusterResolver - Resolving eureka endpoints via configuration
2025-12-20 09:17:43 INFO  c.n.d.s.r.aws.ConfigClusterResolver - Resolving eureka endpoints via configuration
2025-12-20 09:22:43 INFO  c.n.d.s.r.aws.ConfigClusterResolver - Resolving eureka endpoints via configuration
2025-12-20 09:27:43 INFO  c.n.d.s.r.aws.ConfigClusterResolver - Resolving eureka endpoints via configuration
2025-12-20 09:32:43 INFO  c.n.d.s.r.aws.ConfigClusterResolver - Resolving eureka endpoints via configuration
2025-12-20 09:37:43 INFO  c.n.d.s.r.aws.ConfigClusterResolver - Resolving eureka endpoints via configuration
2025-12-20 09:42:43 INFO  c.n.d.s.r.aws.ConfigClusterResolver - Resolving eureka endpoints via configuration
2025-12-20 09:47:43 INFO  c.n.d.s.r.aws.ConfigClusterResolver - Resolving eureka endpoints via configuration
2025-12-20 09:52:43 INFO  c.n.d.s.r.aws.ConfigClusterResolver - Resolving eureka endpoints via configuration
2025-12-20 09:56:30 INFO  o.s.c.n.e.s.EurekaServiceRegistry - Unregistering application AUTH-SERVICE with eureka with status DOWN
2025-12-20 09:56:30 INFO  c.netflix.discovery.DiscoveryClient - Saw local status change event StatusChangeEvent [timestamp=1766224590133, current=DOWN, previous=UP]
2025-12-20 09:56:30 INFO  c.netflix.discovery.DiscoveryClient - DiscoveryClient_AUTH-SERVICE/a1fa34bfaaf2:auth-service:0: registering service...
2025-12-20 09:56:30 INFO  o.s.b.w.e.tomcat.GracefulShutdown - Commencing graceful shutdown. Waiting for active requests to complete
2025-12-20 09:56:30 INFO  c.netflix.discovery.DiscoveryClient - DiscoveryClient_AUTH-SERVICE/a1fa34bfaaf2:auth-service:0 - registration status: 204
2025-12-20 09:56:30 INFO  o.s.b.w.e.tomcat.GracefulShutdown - Graceful shutdown complete
2025-12-20 09:56:31 INFO  c.netflix.discovery.DiscoveryClient - Shutting down DiscoveryClient ...
2025-12-20 09:56:34 INFO  c.netflix.discovery.DiscoveryClient - Unregistering ...
2025-12-20 09:56:34 INFO  c.netflix.discovery.DiscoveryClient - DiscoveryClient_AUTH-SERVICE/a1fa34bfaaf2:auth-service:0 - deregister  status: 200
2025-12-20 09:56:34 INFO  c.netflix.discovery.DiscoveryClient - Completed shut down of DiscoveryClient
2025-12-20 10:08:10 INFO  c.a.a.AuthServiceApplication - Starting AuthServiceApplication v0.0.1-SNAPSHOT using Java 17.0.17 with PID 1 (/app/app.jar started by root in /app)
2025-12-20 10:08:10 INFO  c.a.a.AuthServiceApplication - No active profile set, falling back to 1 default profile: "default"
2025-12-20 10:08:12 INFO  o.s.c.c.c.ConfigServerConfigDataLoader - Fetching config from server at : http://server:8888
2025-12-20 10:08:12 INFO  o.s.c.c.c.ConfigServerConfigDataLoader - Located environment: name=auth-service, profiles=[default], label=null, version=7be84bf1083f395bb49a318fbf0cbf3d214d5d31, state=
2025-12-20 10:08:29 INFO  o.s.d.r.c.RepositoryConfigurationDelegate - Bootstrapping Spring Data MongoDB repositories in DEFAULT mode.
2025-12-20 10:08:32 INFO  o.s.d.r.c.RepositoryConfigurationDelegate - Finished Spring Data repository scanning in 3370 ms. Found 1 MongoDB repository interface.
2025-12-20 10:08:44 INFO  o.s.cloud.context.scope.GenericScope - BeanFactory id=7a58d3d3-72b5-3007-86b9-958b2cfac283
2025-12-20 10:08:53 INFO  o.s.b.w.e.tomcat.TomcatWebServer - Tomcat initialized with port 0 (http)
2025-12-20 10:08:53 INFO  o.a.catalina.core.StandardService - Starting service [Tomcat]
2025-12-20 10:08:53 INFO  o.a.catalina.core.StandardEngine - Starting Servlet engine: [Apache Tomcat/10.1.49]
2025-12-20 10:08:54 INFO  o.a.c.c.C.[Tomcat].[localhost].[/] - Initializing Spring embedded WebApplicationContext
2025-12-20 10:08:54 INFO  o.s.b.w.s.c.ServletWebServerApplicationContext - Root WebApplicationContext: initialization completed in 42300 ms
2025-12-20 10:09:04 INFO  org.mongodb.driver.client - MongoClient with metadata {"driver": {"name": "mongo-java-driver|sync|spring-boot", "version": "5.2.1"}, "os": {"type": "Linux", "name": "Linux", "architecture": "amd64", "version": "5.15.167.4-microsoft-standard-WSL2"}, "platform": "Java/Eclipse Adoptium/17.0.17+10", "env": {"container": {"runtime": "docker"}}} created with settings MongoClientSettings{readPreference=primary, writeConcern=WriteConcern{w=null, wTimeout=null ms, journal=null}, retryWrites=true, retryReads=true, readConcern=ReadConcern{level=null}, credential=MongoCredential{mechanism=null, userName='root', source='admin', password=<hidden>, mechanismProperties=<hidden>}, transportSettings=null, commandListeners=[], codecRegistry=ProvidersCodecRegistry{codecProviders=[ValueCodecProvider{}, BsonValueCodecProvider{}, DBRefCodecProvider{}, DBObjectCodecProvider{}, DocumentCodecProvider{}, CollectionCodecProvider{}, IterableCodecProvider{}, MapCodecProvider{}, GeoJsonCodecProvider{}, GridFSFileCodecProvider{}, Jsr310CodecProvider{}, JsonObjectCodecProvider{}, BsonCodecProvider{}, EnumCodecProvider{}, com.mongodb.client.model.mql.ExpressionCodecProvider@2b3f7704, com.mongodb.Jep395RecordCodecProvider@3a16984c, com.mongodb.KotlinCodecProvider@3db1ce78]}, loggerSettings=LoggerSettings{maxDocumentLength=1000}, clusterSettings={hosts=[mongodb:27017], srvServiceName=mongodb, mode=SINGLE, requiredClusterType=UNKNOWN, requiredReplicaSetName='null', serverSelector='null', clusterListeners='[]', serverSelectionTimeout='30000 ms', localThreshold='15 ms'}, socketSettings=SocketSettings{connectTimeoutMS=10000, readTimeoutMS=0, receiveBufferSize=0, proxySettings=ProxySettings{host=null, port=null, username=null, password=null}}, heartbeatSocketSettings=SocketSettings{connectTimeoutMS=10000, readTimeoutMS=10000, receiveBufferSize=0, proxySettings=ProxySettings{host=null, port=null, username=null, password=null}}, connectionPoolSettings=ConnectionPoolSettings{maxSize=100, minSize=0, maxWaitTimeMS=120000, maxConnectionLifeTimeMS=0, maxConnectionIdleTimeMS=0, maintenanceInitialDelayMS=0, maintenanceFrequencyMS=60000, connectionPoolListeners=[], maxConnecting=2}, serverSettings=ServerSettings{heartbeatFrequencyMS=10000, minHeartbeatFrequencyMS=500, serverMonitoringMode=AUTO, serverListeners='[]', serverMonitorListeners='[]'}, sslSettings=SslSettings{enabled=false, invalidHostNameAllowed=false, context=null}, applicationName='null', compressorList=[], uuidRepresentation=JAVA_LEGACY, serverApi=null, autoEncryptionSettings=null, dnsClient=null, inetAddressResolver=null, contextProvider=null, timeoutMS=null}
2025-12-20 10:09:04 INFO  org.mongodb.driver.cluster - Monitor thread successfully connected to server with description ServerDescription{address=mongodb:27017, type=STANDALONE, cryptd=false, state=CONNECTED, ok=true, minWireVersion=0, maxWireVersion=21, maxDocumentSize=16777216, logicalSessionTimeoutMinutes=30, roundTripTimeNanos=602545913, minRoundTripTimeNanos=0}
2025-12-20 10:09:14 INFO  o.s.s.c.a.a.c.InitializeUserDetailsBeanManagerConfigurer$InitializeUserDetailsManagerConfigurer - Global AuthenticationManager configured with UserDetailsService bean with name customUserDetailsService
2025-12-20 10:09:27 INFO  o.s.c.n.e.c.DiscoveryClientOptionalArgsConfiguration - Eureka HTTP Client uses RestTemplate.
2025-12-20 10:09:28 WARN  o.s.c.l.c.LoadBalancerCacheAutoConfiguration$LoadBalancerCaffeineWarnLogger - Spring Cloud LoadBalancer is currently working with the default cache. While this cache implementation is useful for development and tests, it's recommended to use Caffeine cache in production.You can switch to using Caffeine cache, by adding it and org.springframework.cache.caffeine.CaffeineCacheManager to the classpath.
2025-12-20 10:09:29 INFO  o.s.b.w.e.tomcat.TomcatWebServer - Tomcat started on port 46171 (http) with context path '/'
2025-12-20 10:09:29 INFO  o.s.c.n.e.s.EurekaAutoServiceRegistration - Updating port to 46171
2025-12-20 10:09:29 INFO  o.s.c.n.eureka.InstanceInfoFactory - Setting initial instance status as: STARTING
2025-12-20 10:09:30 INFO  c.netflix.discovery.DiscoveryClient - Initializing Eureka in region us-east-1
2025-12-20 10:09:30 INFO  c.n.d.s.r.aws.ConfigClusterResolver - Resolving eureka endpoints via configuration
2025-12-20 10:09:31 INFO  c.netflix.discovery.DiscoveryClient - Disable delta property : false
2025-12-20 10:09:31 INFO  c.netflix.discovery.DiscoveryClient - Single vip registry refresh property : null
2025-12-20 10:09:31 INFO  c.netflix.discovery.DiscoveryClient - Force full registry fetch : false
2025-12-20 10:09:31 INFO  c.netflix.discovery.DiscoveryClient - Application is null : false
2025-12-20 10:09:31 INFO  c.netflix.discovery.DiscoveryClient - Registered Applications size is zero : true
2025-12-20 10:09:31 INFO  c.netflix.discovery.DiscoveryClient - Application version is -1: true
2025-12-20 10:09:31 INFO  c.netflix.discovery.DiscoveryClient - Getting all instance registry info from the eureka server
2025-12-20 10:09:38 INFO  c.netflix.discovery.DiscoveryClient - The response status is 200
2025-12-20 10:09:38 INFO  c.netflix.discovery.DiscoveryClient - Starting heartbeat executor: renew interval is: 30
2025-12-20 10:09:38 INFO  c.n.discovery.InstanceInfoReplicator - InstanceInfoReplicator onDemand update allowed rate per min is 4
2025-12-20 10:09:38 INFO  c.netflix.discovery.DiscoveryClient - Discovery Client initialized at timestamp 1766225378743 with initial instances count: 2
2025-12-20 10:09:38 INFO  o.s.c.n.e.s.EurekaServiceRegistry - Registering application AUTH-SERVICE with eureka with status UP
2025-12-20 10:09:38 INFO  c.netflix.discovery.DiscoveryClient - Saw local status change event StatusChangeEvent [timestamp=1766225378812, current=UP, previous=STARTING]
2025-12-20 10:09:38 INFO  c.netflix.discovery.DiscoveryClient - DiscoveryClient_AUTH-SERVICE/5ad5d983dff9:auth-service:0: registering service...
2025-12-20 10:09:39 INFO  c.a.a.AuthServiceApplication - Started AuthServiceApplication in 119.191 seconds (process running for 131.024)
2025-12-20 10:09:39 INFO  c.netflix.discovery.DiscoveryClient - DiscoveryClient_AUTH-SERVICE/5ad5d983dff9:auth-service:0 - registration status: 204
2025-12-20 10:11:14 INFO  o.a.c.c.C.[Tomcat].[localhost].[/] - Initializing Spring DispatcherServlet 'dispatcherServlet'
2025-12-20 10:11:14 INFO  o.s.web.servlet.DispatcherServlet - Initializing Servlet 'dispatcherServlet'
2025-12-20 10:11:14 INFO  o.s.web.servlet.DispatcherServlet - Completed initialization in 19 ms
2025-12-20 10:14:31 INFO  c.n.d.s.r.aws.ConfigClusterResolver - Resolving eureka endpoints via configuration
2025-12-20 10:19:31 INFO  c.n.d.s.r.aws.ConfigClusterResolver - Resolving eureka endpoints via configuration
2025-12-20 10:24:31 INFO  c.n.d.s.r.aws.ConfigClusterResolver - Resolving eureka endpoints via configuration
2025-12-20 10:29:31 INFO  c.n.d.s.r.aws.ConfigClusterResolver - Resolving eureka endpoints via configuration
2025-12-20 10:34:31 INFO  c.n.d.s.r.aws.ConfigClusterResolver - Resolving eureka endpoints via configuration
2025-12-20 10:39:31 INFO  c.n.d.s.r.aws.ConfigClusterResolver - Resolving eureka endpoints via configuration
2025-12-20 10:44:31 INFO  c.n.d.s.r.aws.ConfigClusterResolver - Resolving eureka endpoints via configuration
2025-12-20 10:49:31 INFO  c.n.d.s.r.aws.ConfigClusterResolver - Resolving eureka endpoints via configuration
2025-12-20 10:54:30 INFO  c.n.d.s.r.aws.ConfigClusterResolver - Resolving eureka endpoints via configuration
2025-12-20 10:59:30 INFO  c.n.d.s.r.aws.ConfigClusterResolver - Resolving eureka endpoints via configuration
2025-12-20 11:04:30 INFO  c.n.d.s.r.aws.ConfigClusterResolver - Resolving eureka endpoints via configuration
2025-12-20 11:09:30 INFO  c.n.d.s.r.aws.ConfigClusterResolver - Resolving eureka endpoints via configuration
2025-12-20 11:14:30 INFO  c.n.d.s.r.aws.ConfigClusterResolver - Resolving eureka endpoints via configuration
2025-12-20 11:19:30 INFO  c.n.d.s.r.aws.ConfigClusterResolver - Resolving eureka endpoints via configuration
2025-12-20 11:24:30 INFO  c.n.d.s.r.aws.ConfigClusterResolver - Resolving eureka endpoints via configuration
2025-12-20 11:29:30 INFO  c.n.d.s.r.aws.ConfigClusterResolver - Resolving eureka endpoints via configuration
2025-12-20 11:34:30 INFO  c.n.d.s.r.aws.ConfigClusterResolver - Resolving eureka endpoints via configuration
2025-12-20 11:39:30 INFO  c.n.d.s.r.aws.ConfigClusterResolver - Resolving eureka endpoints via configuration
2025-12-20 11:44:30 INFO  c.n.d.s.r.aws.ConfigClusterResolver - Resolving eureka endpoints via configuration
2025-12-20 11:49:30 INFO  c.n.d.s.r.aws.ConfigClusterResolver - Resolving eureka endpoints via configuration
2025-12-20 11:54:30 INFO  c.n.d.s.r.aws.ConfigClusterResolver - Resolving eureka endpoints via configuration
2025-12-20 11:59:30 INFO  c.n.d.s.r.aws.ConfigClusterResolver - Resolving eureka endpoints via configuration
2025-12-20 12:04:30 INFO  c.n.d.s.r.aws.ConfigClusterResolver - Resolving eureka endpoints via configuration
2025-12-20 12:09:30 INFO  c.n.d.s.r.aws.ConfigClusterResolver - Resolving eureka endpoints via configuration
2025-12-20 12:14:30 INFO  c.n.d.s.r.aws.ConfigClusterResolver - Resolving eureka endpoints via configuration
2025-12-20 12:19:30 INFO  c.n.d.s.r.aws.ConfigClusterResolver - Resolving eureka endpoints via configuration
2025-12-20 12:22:59 INFO  o.s.c.n.e.s.EurekaServiceRegistry - Unregistering application AUTH-SERVICE with eureka with status DOWN
2025-12-20 12:22:59 INFO  c.netflix.discovery.DiscoveryClient - Saw local status change event StatusChangeEvent [timestamp=1766233379372, current=DOWN, previous=UP]
2025-12-20 12:22:59 INFO  c.netflix.discovery.DiscoveryClient - DiscoveryClient_AUTH-SERVICE/5ad5d983dff9:auth-service:0: registering service...
2025-12-20 12:22:59 INFO  o.s.b.w.e.tomcat.GracefulShutdown - Commencing graceful shutdown. Waiting for active requests to complete
2025-12-20 12:22:59 INFO  c.netflix.discovery.DiscoveryClient - DiscoveryClient_AUTH-SERVICE/5ad5d983dff9:auth-service:0 - registration status: 204
2025-12-20 12:22:59 INFO  o.s.b.w.e.tomcat.GracefulShutdown - Graceful shutdown complete
2025-12-20 12:22:59 INFO  c.netflix.discovery.DiscoveryClient - Shutting down DiscoveryClient ...
2025-12-20 12:23:02 INFO  c.netflix.discovery.DiscoveryClient - Unregistering ...
2025-12-20 12:23:02 INFO  c.netflix.discovery.DiscoveryClient - DiscoveryClient_AUTH-SERVICE/5ad5d983dff9:auth-service:0 - deregister  status: 200
2025-12-20 12:23:02 INFO  c.netflix.discovery.DiscoveryClient - Completed shut down of DiscoveryClient
