2025-12-21 11:30:15 INFO  o.s.c.c.c.ConfigServicePropertySourceLocator - Fetching config from server at : http://localhost:8888
2025-12-21 11:30:16 INFO  o.s.c.c.c.ConfigServicePropertySourceLocator - Located environment: name=bookingservice, profiles=[local], label=null, version=3e1c07df5444d62fcdaf1aeee98206a4e1db1439, state=
2025-12-21 11:30:16 INFO  o.s.c.b.c.PropertySourceBootstrapConfiguration - Located property source: [BootstrapPropertySource {name='bootstrapProperties-configClient'}, BootstrapPropertySource {name='bootstrapProperties-https://github.com/saksham-0425/CHUBB_quizapp_configserver/bookingservice-local.properties'}, BootstrapPropertySource {name='bootstrapProperties-https://github.com/saksham-0425/CHUBB_quizapp_configserver/bookingservice.properties'}]
2025-12-21 11:30:16 INFO  c.b.b.BookingserviceApplication - The following 1 profile is active: "local"
2025-12-21 11:30:16 INFO  o.s.c.c.c.ConfigServerConfigDataLoader - Fetching config from server at : http://localhost:8888
2025-12-21 11:30:16 INFO  o.s.c.c.c.ConfigServerConfigDataLoader - Located environment: name=bookingservice, profiles=[local], label=null, version=3e1c07df5444d62fcdaf1aeee98206a4e1db1439, state=
2025-12-21 11:30:16 INFO  o.s.c.c.c.ConfigServerConfigDataLoader - Fetching config from server at : http://localhost:8888
2025-12-21 11:30:16 INFO  o.s.c.c.c.ConfigServerConfigDataLoader - Located environment: name=bookingservice, profiles=[default], label=null, version=3e1c07df5444d62fcdaf1aeee98206a4e1db1439, state=
2025-12-21 11:30:16 DEBUG o.s.c.o.FeignClientsRegistrar$1 - Identified candidate component class: URL [jar:nested:/C:/Users/KIIT/Documents/workspace-spring-tools-for-eclipse-4.32.2.RELEASE/flight_booking_microservices/bookingservice/target/bookingservice-0.0.1-SNAPSHOT.jar/!BOOT-INF/classes/!/com/booking/bookingservice/feign/FlightClient.class]
2025-12-21 11:30:17 INFO  o.s.d.r.c.RepositoryConfigurationDelegate - Bootstrapping Spring Data MongoDB repositories in DEFAULT mode.
2025-12-21 11:30:17 INFO  o.s.d.r.c.RepositoryConfigurationDelegate - Finished Spring Data repository scanning in 251 ms. Found 1 MongoDB repository interface.
2025-12-21 11:30:18 INFO  o.s.cloud.context.scope.GenericScope - BeanFactory id=a6236141-cd0d-3f2c-8d0c-426eeecf4a09
2025-12-21 11:30:19 INFO  o.s.b.w.e.tomcat.TomcatWebServer - Tomcat initialized with port 0 (http)
2025-12-21 11:30:19 INFO  o.a.catalina.core.StandardService - Starting service [Tomcat]
2025-12-21 11:30:19 INFO  o.a.catalina.core.StandardEngine - Starting Servlet engine: [Apache Tomcat/10.1.49]
2025-12-21 11:30:19 INFO  o.a.c.c.C.[Tomcat].[localhost].[/] - Initializing Spring embedded WebApplicationContext
2025-12-21 11:30:19 INFO  o.s.b.w.s.c.ServletWebServerApplicationContext - Root WebApplicationContext: initialization completed in 3113 ms
2025-12-21 11:30:19 INFO  org.mongodb.driver.client - MongoClient with metadata {"driver": {"name": "mongo-java-driver|sync|spring-boot", "version": "5.2.1"}, "os": {"type": "Windows", "name": "Windows 11", "architecture": "amd64", "version": "10.0"}, "platform": "Java/Oracle Corporation/21.0.1+12-LTS-29"} created with settings MongoClientSettings{readPreference=primary, writeConcern=WriteConcern{w=null, wTimeout=null ms, journal=null}, retryWrites=true, retryReads=true, readConcern=ReadConcern{level=null}, credential=MongoCredential{mechanism=null, userName='root', source='admin', password=<hidden>, mechanismProperties=<hidden>}, transportSettings=null, commandListeners=[], codecRegistry=ProvidersCodecRegistry{codecProviders=[ValueCodecProvider{}, BsonValueCodecProvider{}, DBRefCodecProvider{}, DBObjectCodecProvider{}, DocumentCodecProvider{}, CollectionCodecProvider{}, IterableCodecProvider{}, MapCodecProvider{}, GeoJsonCodecProvider{}, GridFSFileCodecProvider{}, Jsr310CodecProvider{}, JsonObjectCodecProvider{}, BsonCodecProvider{}, EnumCodecProvider{}, com.mongodb.client.model.mql.ExpressionCodecProvider@2ecdf528, com.mongodb.Jep395RecordCodecProvider@574ebdaf, com.mongodb.KotlinCodecProvider@33f349ae]}, loggerSettings=LoggerSettings{maxDocumentLength=1000}, clusterSettings={hosts=[localhost:27017], srvServiceName=mongodb, mode=SINGLE, requiredClusterType=UNKNOWN, requiredReplicaSetName='null', serverSelector='null', clusterListeners='[]', serverSelectionTimeout='30000 ms', localThreshold='15 ms'}, socketSettings=SocketSettings{connectTimeoutMS=10000, readTimeoutMS=0, receiveBufferSize=0, proxySettings=ProxySettings{host=null, port=null, username=null, password=null}}, heartbeatSocketSettings=SocketSettings{connectTimeoutMS=10000, readTimeoutMS=10000, receiveBufferSize=0, proxySettings=ProxySettings{host=null, port=null, username=null, password=null}}, connectionPoolSettings=ConnectionPoolSettings{maxSize=100, minSize=0, maxWaitTimeMS=120000, maxConnectionLifeTimeMS=0, maxConnectionIdleTimeMS=0, maintenanceInitialDelayMS=0, maintenanceFrequencyMS=60000, connectionPoolListeners=[], maxConnecting=2}, serverSettings=ServerSettings{heartbeatFrequencyMS=10000, minHeartbeatFrequencyMS=500, serverMonitoringMode=AUTO, serverListeners='[]', serverMonitorListeners='[]'}, sslSettings=SslSettings{enabled=false, invalidHostNameAllowed=false, context=null}, applicationName='null', compressorList=[], uuidRepresentation=JAVA_LEGACY, serverApi=null, autoEncryptionSettings=null, dnsClient=null, inetAddressResolver=null, contextProvider=null, timeoutMS=null}
2025-12-21 11:30:19 INFO  org.mongodb.driver.cluster - Monitor thread successfully connected to server with description ServerDescription{address=localhost:27017, type=STANDALONE, cryptd=false, state=CONNECTED, ok=true, minWireVersion=0, maxWireVersion=27, maxDocumentSize=16777216, logicalSessionTimeoutMinutes=30, roundTripTimeNanos=37738700, minRoundTripTimeNanos=0}
2025-12-21 11:30:20 INFO  o.s.cloud.commons.util.InetUtils - Cannot determine local hostname
2025-12-21 11:30:21 DEBUG o.s.c.o.FeignClientFactoryBean - Creating a FeignClientFactoryBean.
2025-12-21 11:30:21 INFO  o.s.c.o.FeignClientFactoryBean - For 'flightservice' URL not provided. Will try picking an instance via load-balancing.
2025-12-21 11:30:24 INFO  o.s.cloud.commons.util.InetUtils - Cannot determine local hostname
2025-12-21 11:30:24 INFO  o.s.c.n.e.c.DiscoveryClientOptionalArgsConfiguration - Eureka HTTP Client uses RestTemplate.
2025-12-21 11:30:24 WARN  o.s.c.l.c.LoadBalancerCacheAutoConfiguration$LoadBalancerCaffeineWarnLogger - Spring Cloud LoadBalancer is currently working with the default cache. While this cache implementation is useful for development and tests, it's recommended to use Caffeine cache in production.You can switch to using Caffeine cache, by adding it and org.springframework.cache.caffeine.CaffeineCacheManager to the classpath.
2025-12-21 11:30:24 INFO  o.s.b.w.e.tomcat.TomcatWebServer - Tomcat started on port 60293 (http) with context path '/'
2025-12-21 11:30:24 INFO  o.s.c.n.e.s.EurekaAutoServiceRegistration - Updating port to 60293
2025-12-21 11:30:24 INFO  o.s.c.n.eureka.InstanceInfoFactory - Setting initial instance status as: STARTING
2025-12-21 11:30:24 INFO  c.netflix.discovery.DiscoveryClient - Initializing Eureka in region us-east-1
2025-12-21 11:30:24 INFO  c.n.d.s.r.aws.ConfigClusterResolver - Resolving eureka endpoints via configuration
2025-12-21 11:30:24 INFO  c.netflix.discovery.DiscoveryClient - Disable delta property : false
2025-12-21 11:30:24 INFO  c.netflix.discovery.DiscoveryClient - Single vip registry refresh property : null
2025-12-21 11:30:24 INFO  c.netflix.discovery.DiscoveryClient - Force full registry fetch : false
2025-12-21 11:30:24 INFO  c.netflix.discovery.DiscoveryClient - Application is null : false
2025-12-21 11:30:24 INFO  c.netflix.discovery.DiscoveryClient - Registered Applications size is zero : true
2025-12-21 11:30:24 INFO  c.netflix.discovery.DiscoveryClient - Application version is -1: true
2025-12-21 11:30:24 INFO  c.netflix.discovery.DiscoveryClient - Getting all instance registry info from the eureka server
2025-12-21 11:30:24 INFO  c.netflix.discovery.DiscoveryClient - The response status is 200
2025-12-21 11:30:24 INFO  c.netflix.discovery.DiscoveryClient - Starting heartbeat executor: renew interval is: 30
2025-12-21 11:30:24 INFO  c.n.discovery.InstanceInfoReplicator - InstanceInfoReplicator onDemand update allowed rate per min is 4
2025-12-21 11:30:24 INFO  c.netflix.discovery.DiscoveryClient - Discovery Client initialized at timestamp 1766296824775 with initial instances count: 0
2025-12-21 11:30:24 INFO  o.s.c.n.e.s.EurekaServiceRegistry - Registering application BOOKINGSERVICE with eureka with status UP
2025-12-21 11:30:24 INFO  c.netflix.discovery.DiscoveryClient - Saw local status change event StatusChangeEvent [timestamp=1766296824780, current=UP, previous=STARTING]
2025-12-21 11:30:24 INFO  c.netflix.discovery.DiscoveryClient - DiscoveryClient_BOOKINGSERVICE/localhost:bookingservice:0: registering service...
2025-12-21 11:30:24 INFO  c.netflix.discovery.DiscoveryClient - DiscoveryClient_BOOKINGSERVICE/localhost:bookingservice:0 - registration status: 204
2025-12-21 11:30:25 INFO  o.s.cloud.commons.util.InetUtils - Cannot determine local hostname
2025-12-21 11:30:25 INFO  o.s.a.r.c.CachingConnectionFactory - Attempting to connect to: [localhost:5672]
2025-12-21 11:30:25 INFO  o.s.a.r.c.CachingConnectionFactory - Created new connection: rabbitConnectionFactory#11a7840f:0/SimpleConnection@26a004ed [delegate=amqp://guest@127.0.0.1:5672/, localPort=60298]
2025-12-21 11:30:25 INFO  c.b.b.BookingserviceApplication - Started BookingserviceApplication in 18.272 seconds (process running for 20.113)
2025-12-21 11:30:54 INFO  c.netflix.discovery.DiscoveryClient - Disable delta property : false
2025-12-21 11:30:54 INFO  c.netflix.discovery.DiscoveryClient - Single vip registry refresh property : null
2025-12-21 11:30:54 INFO  c.netflix.discovery.DiscoveryClient - Force full registry fetch : false
2025-12-21 11:30:54 INFO  c.netflix.discovery.DiscoveryClient - Application is null : false
2025-12-21 11:30:54 INFO  c.netflix.discovery.DiscoveryClient - Registered Applications size is zero : true
2025-12-21 11:30:54 INFO  c.netflix.discovery.DiscoveryClient - Application version is -1: false
2025-12-21 11:30:54 INFO  c.netflix.discovery.DiscoveryClient - Getting all instance registry info from the eureka server
2025-12-21 11:30:54 INFO  c.netflix.discovery.DiscoveryClient - The response status is 200
2025-12-21 11:35:24 INFO  c.n.d.s.r.aws.ConfigClusterResolver - Resolving eureka endpoints via configuration
2025-12-21 11:40:24 INFO  c.n.d.s.r.aws.ConfigClusterResolver - Resolving eureka endpoints via configuration
2025-12-21 11:48:09 INFO  o.s.c.c.c.ConfigServicePropertySourceLocator - Fetching config from server at : http://localhost:8888
2025-12-21 11:48:10 INFO  o.s.c.c.c.ConfigServicePropertySourceLocator - Located environment: name=bookingservice, profiles=[local], label=null, version=3e1c07df5444d62fcdaf1aeee98206a4e1db1439, state=
2025-12-21 11:48:10 INFO  o.s.c.b.c.PropertySourceBootstrapConfiguration - Located property source: [BootstrapPropertySource {name='bootstrapProperties-configClient'}, BootstrapPropertySource {name='bootstrapProperties-https://github.com/saksham-0425/CHUBB_quizapp_configserver/bookingservice-local.properties'}, BootstrapPropertySource {name='bootstrapProperties-https://github.com/saksham-0425/CHUBB_quizapp_configserver/bookingservice.properties'}]
2025-12-21 11:48:10 INFO  c.b.b.BookingserviceApplication - The following 1 profile is active: "local"
2025-12-21 11:48:10 INFO  o.s.c.c.c.ConfigServerConfigDataLoader - Fetching config from server at : http://localhost:8888
2025-12-21 11:48:10 INFO  o.s.c.c.c.ConfigServerConfigDataLoader - Exception on Url - http://localhost:8888:org.springframework.web.client.ResourceAccessException: I/O error on GET request for "http://localhost:8888/bookingservice/local": Connection refused: no further information. Will be trying the next url if available
2025-12-21 11:48:10 INFO  o.s.c.c.c.ConfigServerConfigDataLoader - Fetching config from server at : http://localhost:8888
2025-12-21 11:48:10 INFO  o.s.c.c.c.ConfigServerConfigDataLoader - Exception on Url - http://localhost:8888:org.springframework.web.client.ResourceAccessException: I/O error on GET request for "http://localhost:8888/bookingservice/local": Connection refused: no further information. Will be trying the next url if available
2025-12-21 11:48:10 INFO  o.s.c.c.c.ConfigServerConfigDataLoader - Fetching config from server at : http://localhost:8888
2025-12-21 11:48:10 INFO  o.s.c.c.c.ConfigServerConfigDataLoader - Located environment: name=bookingservice, profiles=[local], label=null, version=3e1c07df5444d62fcdaf1aeee98206a4e1db1439, state=
2025-12-21 11:48:10 INFO  o.s.c.c.c.ConfigServerConfigDataLoader - Fetching config from server at : http://localhost:8888
2025-12-21 11:48:10 INFO  o.s.c.c.c.ConfigServerConfigDataLoader - Located environment: name=bookingservice, profiles=[default], label=null, version=3e1c07df5444d62fcdaf1aeee98206a4e1db1439, state=
2025-12-21 11:48:14 DEBUG o.s.c.o.FeignClientsRegistrar$1 - Identified candidate component class: URL [jar:nested:/C:/Users/KIIT/Documents/workspace-spring-tools-for-eclipse-4.32.2.RELEASE/flight_booking_microservices/bookingservice/target/bookingservice-0.0.1-SNAPSHOT.jar/!BOOT-INF/classes/!/com/booking/bookingservice/feign/FlightClient.class]
2025-12-21 11:48:17 INFO  o.s.d.r.c.RepositoryConfigurationDelegate - Bootstrapping Spring Data MongoDB repositories in DEFAULT mode.
2025-12-21 11:48:18 INFO  o.s.d.r.c.RepositoryConfigurationDelegate - Finished Spring Data repository scanning in 1326 ms. Found 1 MongoDB repository interface.
2025-12-21 11:48:21 INFO  o.s.cloud.context.scope.GenericScope - BeanFactory id=a6236141-cd0d-3f2c-8d0c-426eeecf4a09
2025-12-21 11:48:23 INFO  o.s.b.w.e.tomcat.TomcatWebServer - Tomcat initialized with port 0 (http)
2025-12-21 11:48:24 INFO  o.a.catalina.core.StandardService - Starting service [Tomcat]
2025-12-21 11:48:24 INFO  o.a.catalina.core.StandardEngine - Starting Servlet engine: [Apache Tomcat/10.1.49]
2025-12-21 11:48:24 INFO  o.a.c.c.C.[Tomcat].[localhost].[/] - Initializing Spring embedded WebApplicationContext
2025-12-21 11:48:24 INFO  o.s.b.w.s.c.ServletWebServerApplicationContext - Root WebApplicationContext: initialization completed in 13374 ms
2025-12-21 11:48:26 INFO  org.mongodb.driver.client - MongoClient with metadata {"driver": {"name": "mongo-java-driver|sync|spring-boot", "version": "5.2.1"}, "os": {"type": "Windows", "name": "Windows 11", "architecture": "amd64", "version": "10.0"}, "platform": "Java/Oracle Corporation/21.0.1+12-LTS-29"} created with settings MongoClientSettings{readPreference=primary, writeConcern=WriteConcern{w=null, wTimeout=null ms, journal=null}, retryWrites=true, retryReads=true, readConcern=ReadConcern{level=null}, credential=MongoCredential{mechanism=null, userName='root', source='admin', password=<hidden>, mechanismProperties=<hidden>}, transportSettings=null, commandListeners=[], codecRegistry=ProvidersCodecRegistry{codecProviders=[ValueCodecProvider{}, BsonValueCodecProvider{}, DBRefCodecProvider{}, DBObjectCodecProvider{}, DocumentCodecProvider{}, CollectionCodecProvider{}, IterableCodecProvider{}, MapCodecProvider{}, GeoJsonCodecProvider{}, GridFSFileCodecProvider{}, Jsr310CodecProvider{}, JsonObjectCodecProvider{}, BsonCodecProvider{}, EnumCodecProvider{}, com.mongodb.client.model.mql.ExpressionCodecProvider@5560b64d, com.mongodb.Jep395RecordCodecProvider@2da5fdc, com.mongodb.KotlinCodecProvider@23321be7]}, loggerSettings=LoggerSettings{maxDocumentLength=1000}, clusterSettings={hosts=[localhost:27017], srvServiceName=mongodb, mode=SINGLE, requiredClusterType=UNKNOWN, requiredReplicaSetName='null', serverSelector='null', clusterListeners='[]', serverSelectionTimeout='30000 ms', localThreshold='15 ms'}, socketSettings=SocketSettings{connectTimeoutMS=10000, readTimeoutMS=0, receiveBufferSize=0, proxySettings=ProxySettings{host=null, port=null, username=null, password=null}}, heartbeatSocketSettings=SocketSettings{connectTimeoutMS=10000, readTimeoutMS=10000, receiveBufferSize=0, proxySettings=ProxySettings{host=null, port=null, username=null, password=null}}, connectionPoolSettings=ConnectionPoolSettings{maxSize=100, minSize=0, maxWaitTimeMS=120000, maxConnectionLifeTimeMS=0, maxConnectionIdleTimeMS=0, maintenanceInitialDelayMS=0, maintenanceFrequencyMS=60000, connectionPoolListeners=[], maxConnecting=2}, serverSettings=ServerSettings{heartbeatFrequencyMS=10000, minHeartbeatFrequencyMS=500, serverMonitoringMode=AUTO, serverListeners='[]', serverMonitorListeners='[]'}, sslSettings=SslSettings{enabled=false, invalidHostNameAllowed=false, context=null}, applicationName='null', compressorList=[], uuidRepresentation=JAVA_LEGACY, serverApi=null, autoEncryptionSettings=null, dnsClient=null, inetAddressResolver=null, contextProvider=null, timeoutMS=null}
2025-12-21 11:48:26 INFO  org.mongodb.driver.cluster - Monitor thread successfully connected to server with description ServerDescription{address=localhost:27017, type=STANDALONE, cryptd=false, state=CONNECTED, ok=true, minWireVersion=0, maxWireVersion=27, maxDocumentSize=16777216, logicalSessionTimeoutMinutes=30, roundTripTimeNanos=194843600, minRoundTripTimeNanos=0}
2025-12-21 11:48:28 INFO  o.s.cloud.commons.util.InetUtils - Cannot determine local hostname
2025-12-21 11:48:29 DEBUG o.s.c.o.FeignClientFactoryBean - Creating a FeignClientFactoryBean.
2025-12-21 11:48:32 INFO  o.s.c.o.FeignClientFactoryBean - For 'flightservice' URL not provided. Will try picking an instance via load-balancing.
2025-12-21 11:48:37 INFO  o.s.cloud.commons.util.InetUtils - Cannot determine local hostname
2025-12-21 11:48:37 INFO  o.s.c.n.e.c.DiscoveryClientOptionalArgsConfiguration - Eureka HTTP Client uses RestTemplate.
2025-12-21 11:48:37 WARN  o.s.c.l.c.LoadBalancerCacheAutoConfiguration$LoadBalancerCaffeineWarnLogger - Spring Cloud LoadBalancer is currently working with the default cache. While this cache implementation is useful for development and tests, it's recommended to use Caffeine cache in production.You can switch to using Caffeine cache, by adding it and org.springframework.cache.caffeine.CaffeineCacheManager to the classpath.
2025-12-21 11:48:37 INFO  o.s.b.w.e.tomcat.TomcatWebServer - Tomcat started on port 57224 (http) with context path '/'
2025-12-21 11:48:37 INFO  o.s.c.n.e.s.EurekaAutoServiceRegistration - Updating port to 57224
2025-12-21 11:48:37 INFO  o.s.c.n.eureka.InstanceInfoFactory - Setting initial instance status as: STARTING
2025-12-21 11:48:37 INFO  c.netflix.discovery.DiscoveryClient - Initializing Eureka in region us-east-1
2025-12-21 11:48:37 INFO  c.n.d.s.r.aws.ConfigClusterResolver - Resolving eureka endpoints via configuration
2025-12-21 11:48:37 INFO  c.netflix.discovery.DiscoveryClient - Disable delta property : false
2025-12-21 11:48:37 INFO  c.netflix.discovery.DiscoveryClient - Single vip registry refresh property : null
2025-12-21 11:48:37 INFO  c.netflix.discovery.DiscoveryClient - Force full registry fetch : false
2025-12-21 11:48:37 INFO  c.netflix.discovery.DiscoveryClient - Application is null : false
2025-12-21 11:48:37 INFO  c.netflix.discovery.DiscoveryClient - Registered Applications size is zero : true
2025-12-21 11:48:37 INFO  c.netflix.discovery.DiscoveryClient - Application version is -1: true
2025-12-21 11:48:37 INFO  c.netflix.discovery.DiscoveryClient - Getting all instance registry info from the eureka server
2025-12-21 11:48:38 INFO  c.netflix.discovery.DiscoveryClient - The response status is 200
2025-12-21 11:48:38 INFO  c.netflix.discovery.DiscoveryClient - Starting heartbeat executor: renew interval is: 30
2025-12-21 11:48:38 INFO  c.n.discovery.InstanceInfoReplicator - InstanceInfoReplicator onDemand update allowed rate per min is 4
2025-12-21 11:48:38 INFO  c.netflix.discovery.DiscoveryClient - Discovery Client initialized at timestamp 1766297918621 with initial instances count: 1
2025-12-21 11:48:38 INFO  o.s.c.n.e.s.EurekaServiceRegistry - Registering application BOOKINGSERVICE with eureka with status UP
2025-12-21 11:48:38 INFO  c.netflix.discovery.DiscoveryClient - Saw local status change event StatusChangeEvent [timestamp=1766297918635, current=UP, previous=STARTING]
2025-12-21 11:48:38 INFO  c.netflix.discovery.DiscoveryClient - DiscoveryClient_BOOKINGSERVICE/localhost:bookingservice:0: registering service...
2025-12-21 11:48:38 INFO  c.netflix.discovery.DiscoveryClient - DiscoveryClient_BOOKINGSERVICE/localhost:bookingservice:0 - registration status: 204
2025-12-21 11:48:39 INFO  o.s.cloud.commons.util.InetUtils - Cannot determine local hostname
2025-12-21 11:48:39 INFO  o.s.a.r.c.CachingConnectionFactory - Attempting to connect to: [localhost:5672]
2025-12-21 11:48:39 INFO  o.s.a.r.c.CachingConnectionFactory - Created new connection: rabbitConnectionFactory#7910e307:0/SimpleConnection@1df8e685 [delegate=amqp://guest@127.0.0.1:5672/, localPort=57228]
2025-12-21 11:48:40 INFO  c.b.b.BookingserviceApplication - Started BookingserviceApplication in 58.018 seconds (process running for 66.774)
2025-12-21 11:53:37 INFO  c.n.d.s.r.aws.ConfigClusterResolver - Resolving eureka endpoints via configuration
2025-12-21 11:58:38 INFO  c.n.d.s.r.aws.ConfigClusterResolver - Resolving eureka endpoints via configuration
