2025-12-21 11:30:16 INFO  o.s.c.c.c.ConfigServicePropertySourceLocator - Fetching config from server at : http://localhost:8888
2025-12-21 11:30:16 INFO  o.s.c.c.c.ConfigServicePropertySourceLocator - Located environment: name=flightservice, profiles=[local], label=null, version=3e1c07df5444d62fcdaf1aeee98206a4e1db1439, state=
2025-12-21 11:30:16 INFO  o.s.c.b.c.PropertySourceBootstrapConfiguration - Located property source: [BootstrapPropertySource {name='bootstrapProperties-configClient'}, BootstrapPropertySource {name='bootstrapProperties-https://github.com/saksham-0425/CHUBB_quizapp_configserver/flightservice-local.properties'}, BootstrapPropertySource {name='bootstrapProperties-https://github.com/saksham-0425/CHUBB_quizapp_configserver/flightservice.properties'}]
2025-12-21 11:30:16 INFO  c.f.f.FlightserviceApplication - The following 1 profile is active: "local"
2025-12-21 11:30:16 INFO  o.s.c.c.c.ConfigServerConfigDataLoader - Fetching config from server at : http://localhost:8888/
2025-12-21 11:30:16 INFO  o.s.c.c.c.ConfigServerConfigDataLoader - Located environment: name=flightservice, profiles=[local], label=null, version=3e1c07df5444d62fcdaf1aeee98206a4e1db1439, state=
2025-12-21 11:30:16 INFO  o.s.c.c.c.ConfigServerConfigDataLoader - Fetching config from server at : http://localhost:8888/
2025-12-21 11:30:16 INFO  o.s.c.c.c.ConfigServerConfigDataLoader - Located environment: name=flightservice, profiles=[default], label=null, version=3e1c07df5444d62fcdaf1aeee98206a4e1db1439, state=
2025-12-21 11:30:18 INFO  o.s.d.r.c.RepositoryConfigurationDelegate - Bootstrapping Spring Data MongoDB repositories in DEFAULT mode.
2025-12-21 11:30:18 INFO  o.s.d.r.c.RepositoryConfigurationDelegate - Finished Spring Data repository scanning in 240 ms. Found 1 MongoDB repository interface.
2025-12-21 11:30:18 INFO  o.s.cloud.context.scope.GenericScope - BeanFactory id=daea02f7-6dce-328d-b8b3-b07bc84e18d7
2025-12-21 11:30:19 INFO  o.s.b.w.e.tomcat.TomcatWebServer - Tomcat initialized with port 0 (http)
2025-12-21 11:30:19 INFO  o.a.catalina.core.StandardService - Starting service [Tomcat]
2025-12-21 11:30:19 INFO  o.a.catalina.core.StandardEngine - Starting Servlet engine: [Apache Tomcat/10.1.49]
2025-12-21 11:30:19 INFO  o.a.c.c.C.[Tomcat].[localhost].[/] - Initializing Spring embedded WebApplicationContext
2025-12-21 11:30:19 INFO  o.s.b.w.s.c.ServletWebServerApplicationContext - Root WebApplicationContext: initialization completed in 2619 ms
2025-12-21 11:30:19 INFO  org.mongodb.driver.client - MongoClient with metadata {"driver": {"name": "mongo-java-driver|sync|spring-boot", "version": "5.2.1"}, "os": {"type": "Windows", "name": "Windows 11", "architecture": "amd64", "version": "10.0"}, "platform": "Java/Oracle Corporation/21.0.1+12-LTS-29"} created with settings MongoClientSettings{readPreference=primary, writeConcern=WriteConcern{w=null, wTimeout=null ms, journal=null}, retryWrites=true, retryReads=true, readConcern=ReadConcern{level=null}, credential=MongoCredential{mechanism=null, userName='root', source='admin', password=<hidden>, mechanismProperties=<hidden>}, transportSettings=null, commandListeners=[], codecRegistry=ProvidersCodecRegistry{codecProviders=[ValueCodecProvider{}, BsonValueCodecProvider{}, DBRefCodecProvider{}, DBObjectCodecProvider{}, DocumentCodecProvider{}, CollectionCodecProvider{}, IterableCodecProvider{}, MapCodecProvider{}, GeoJsonCodecProvider{}, GridFSFileCodecProvider{}, Jsr310CodecProvider{}, JsonObjectCodecProvider{}, BsonCodecProvider{}, EnumCodecProvider{}, com.mongodb.client.model.mql.ExpressionCodecProvider@7ec13984, com.mongodb.Jep395RecordCodecProvider@14485747, com.mongodb.KotlinCodecProvider@59fea5f5]}, loggerSettings=LoggerSettings{maxDocumentLength=1000}, clusterSettings={hosts=[localhost:27017], srvServiceName=mongodb, mode=SINGLE, requiredClusterType=UNKNOWN, requiredReplicaSetName='null', serverSelector='null', clusterListeners='[]', serverSelectionTimeout='30000 ms', localThreshold='15 ms'}, socketSettings=SocketSettings{connectTimeoutMS=10000, readTimeoutMS=0, receiveBufferSize=0, proxySettings=ProxySettings{host=null, port=null, username=null, password=null}}, heartbeatSocketSettings=SocketSettings{connectTimeoutMS=10000, readTimeoutMS=10000, receiveBufferSize=0, proxySettings=ProxySettings{host=null, port=null, username=null, password=null}}, connectionPoolSettings=ConnectionPoolSettings{maxSize=100, minSize=0, maxWaitTimeMS=120000, maxConnectionLifeTimeMS=0, maxConnectionIdleTimeMS=0, maintenanceInitialDelayMS=0, maintenanceFrequencyMS=60000, connectionPoolListeners=[], maxConnecting=2}, serverSettings=ServerSettings{heartbeatFrequencyMS=10000, minHeartbeatFrequencyMS=500, serverMonitoringMode=AUTO, serverListeners='[]', serverMonitorListeners='[]'}, sslSettings=SslSettings{enabled=false, invalidHostNameAllowed=false, context=null}, applicationName='null', compressorList=[], uuidRepresentation=JAVA_LEGACY, serverApi=null, autoEncryptionSettings=null, dnsClient=null, inetAddressResolver=null, contextProvider=null, timeoutMS=null}
2025-12-21 11:30:19 INFO  org.mongodb.driver.cluster - Monitor thread successfully connected to server with description ServerDescription{address=localhost:27017, type=STANDALONE, cryptd=false, state=CONNECTED, ok=true, minWireVersion=0, maxWireVersion=27, maxDocumentSize=16777216, logicalSessionTimeoutMinutes=30, roundTripTimeNanos=31601400, minRoundTripTimeNanos=0}
2025-12-21 11:30:20 INFO  o.s.cloud.commons.util.InetUtils - Cannot determine local hostname
2025-12-21 11:30:23 INFO  o.s.cloud.commons.util.InetUtils - Cannot determine local hostname
2025-12-21 11:30:23 INFO  o.s.c.n.e.c.DiscoveryClientOptionalArgsConfiguration - Eureka HTTP Client uses RestTemplate.
2025-12-21 11:30:23 WARN  o.s.c.l.c.LoadBalancerCacheAutoConfiguration$LoadBalancerCaffeineWarnLogger - Spring Cloud LoadBalancer is currently working with the default cache. While this cache implementation is useful for development and tests, it's recommended to use Caffeine cache in production.You can switch to using Caffeine cache, by adding it and org.springframework.cache.caffeine.CaffeineCacheManager to the classpath.
2025-12-21 11:30:23 INFO  o.s.b.w.e.tomcat.TomcatWebServer - Tomcat started on port 60290 (http) with context path '/'
2025-12-21 11:30:23 INFO  o.s.c.n.e.s.EurekaAutoServiceRegistration - Updating port to 60290
2025-12-21 11:30:23 INFO  o.s.c.n.eureka.InstanceInfoFactory - Setting initial instance status as: STARTING
2025-12-21 11:30:23 INFO  c.netflix.discovery.DiscoveryClient - Initializing Eureka in region us-east-1
2025-12-21 11:30:23 INFO  c.n.d.s.r.aws.ConfigClusterResolver - Resolving eureka endpoints via configuration
2025-12-21 11:30:23 INFO  c.netflix.discovery.DiscoveryClient - Disable delta property : false
2025-12-21 11:30:23 INFO  c.netflix.discovery.DiscoveryClient - Single vip registry refresh property : null
2025-12-21 11:30:23 INFO  c.netflix.discovery.DiscoveryClient - Force full registry fetch : false
2025-12-21 11:30:23 INFO  c.netflix.discovery.DiscoveryClient - Application is null : false
2025-12-21 11:30:23 INFO  c.netflix.discovery.DiscoveryClient - Registered Applications size is zero : true
2025-12-21 11:30:23 INFO  c.netflix.discovery.DiscoveryClient - Application version is -1: true
2025-12-21 11:30:23 INFO  c.netflix.discovery.DiscoveryClient - Getting all instance registry info from the eureka server
2025-12-21 11:30:23 INFO  c.netflix.discovery.DiscoveryClient - The response status is 200
2025-12-21 11:30:23 INFO  c.netflix.discovery.DiscoveryClient - Starting heartbeat executor: renew interval is: 30
2025-12-21 11:30:23 INFO  c.n.discovery.InstanceInfoReplicator - InstanceInfoReplicator onDemand update allowed rate per min is 4
2025-12-21 11:30:23 INFO  c.netflix.discovery.DiscoveryClient - Discovery Client initialized at timestamp 1766296823882 with initial instances count: 0
2025-12-21 11:30:23 INFO  o.s.c.n.e.s.EurekaServiceRegistry - Registering application FLIGHTSERVICE with eureka with status UP
2025-12-21 11:30:23 INFO  c.netflix.discovery.DiscoveryClient - Saw local status change event StatusChangeEvent [timestamp=1766296823889, current=UP, previous=STARTING]
2025-12-21 11:30:23 INFO  c.netflix.discovery.DiscoveryClient - DiscoveryClient_FLIGHTSERVICE/localhost:flightservice:0: registering service...
2025-12-21 11:30:23 INFO  c.netflix.discovery.DiscoveryClient - DiscoveryClient_FLIGHTSERVICE/localhost:flightservice:0 - registration status: 204
2025-12-21 11:30:24 INFO  o.s.cloud.commons.util.InetUtils - Cannot determine local hostname
2025-12-21 11:30:24 INFO  c.f.f.FlightserviceApplication - Started FlightserviceApplication in 17.321 seconds (process running for 19.236)
2025-12-21 11:30:53 INFO  c.netflix.discovery.DiscoveryClient - Disable delta property : false
2025-12-21 11:30:53 INFO  c.netflix.discovery.DiscoveryClient - Single vip registry refresh property : null
2025-12-21 11:30:53 INFO  c.netflix.discovery.DiscoveryClient - Force full registry fetch : false
2025-12-21 11:30:53 INFO  c.netflix.discovery.DiscoveryClient - Application is null : false
2025-12-21 11:30:53 INFO  c.netflix.discovery.DiscoveryClient - Registered Applications size is zero : true
2025-12-21 11:30:53 INFO  c.netflix.discovery.DiscoveryClient - Application version is -1: false
2025-12-21 11:30:53 INFO  c.netflix.discovery.DiscoveryClient - Getting all instance registry info from the eureka server
2025-12-21 11:30:53 INFO  c.netflix.discovery.DiscoveryClient - The response status is 200
2025-12-21 11:35:23 INFO  c.n.d.s.r.aws.ConfigClusterResolver - Resolving eureka endpoints via configuration
2025-12-21 11:40:23 INFO  c.n.d.s.r.aws.ConfigClusterResolver - Resolving eureka endpoints via configuration
2025-12-21 11:48:00 INFO  o.s.c.c.c.ConfigServicePropertySourceLocator - Fetching config from server at : http://localhost:8888
2025-12-21 11:48:00 INFO  o.s.c.c.c.ConfigServicePropertySourceLocator - Exception on Url - http://localhost:8888:org.springframework.web.client.ResourceAccessException: I/O error on GET request for "http://localhost:8888/flightservice/local": Connection refused: no further information. Will be trying the next url if available
2025-12-21 11:48:00 WARN  o.s.c.c.c.ConfigServicePropertySourceLocator - Could not locate PropertySource: I/O error on GET request for "http://localhost:8888/flightservice/local": Connection refused: no further information
2025-12-21 11:48:00 INFO  c.f.f.FlightserviceApplication - The following 1 profile is active: "local"
2025-12-21 11:48:01 INFO  o.s.c.c.c.ConfigServerConfigDataLoader - Fetching config from server at : http://localhost:8888/
2025-12-21 11:48:01 INFO  o.s.c.c.c.ConfigServerConfigDataLoader - Exception on Url - http://localhost:8888/:org.springframework.web.client.ResourceAccessException: I/O error on GET request for "http://localhost:8888/flightservice/local": Connection refused: no further information. Will be trying the next url if available
2025-12-21 11:48:01 WARN  o.s.c.c.c.ConfigServerConfigDataLoader - Could not locate PropertySource ([ConfigServerConfigDataResource@75f2099 uris = array<String>['http://localhost:8888/'], optional = true, profiles = 'local']): I/O error on GET request for "http://localhost:8888/flightservice/local": Connection refused: no further information
2025-12-21 11:48:01 INFO  o.s.c.c.c.ConfigServerConfigDataLoader - Fetching config from server at : http://localhost:8888/
2025-12-21 11:48:01 INFO  o.s.c.c.c.ConfigServerConfigDataLoader - Exception on Url - http://localhost:8888/:org.springframework.web.client.ResourceAccessException: I/O error on GET request for "http://localhost:8888/flightservice/default": Connection refused: no further information. Will be trying the next url if available
2025-12-21 11:48:01 WARN  o.s.c.c.c.ConfigServerConfigDataLoader - Could not locate PropertySource ([ConfigServerConfigDataResource@1c12f3ee uris = array<String>['http://localhost:8888/'], optional = true, profiles = 'default']): I/O error on GET request for "http://localhost:8888/flightservice/default": Connection refused: no further information
2025-12-21 11:48:05 INFO  o.s.d.r.c.RepositoryConfigurationDelegate - Bootstrapping Spring Data MongoDB repositories in DEFAULT mode.
2025-12-21 11:48:06 INFO  o.s.d.r.c.RepositoryConfigurationDelegate - Finished Spring Data repository scanning in 761 ms. Found 1 MongoDB repository interface.
2025-12-21 11:48:08 INFO  o.s.cloud.context.scope.GenericScope - BeanFactory id=daea02f7-6dce-328d-b8b3-b07bc84e18d7
2025-12-21 11:48:09 INFO  o.s.b.w.e.tomcat.TomcatWebServer - Tomcat initialized with port 8080 (http)
2025-12-21 11:48:09 INFO  o.a.catalina.core.StandardService - Starting service [Tomcat]
2025-12-21 11:48:09 INFO  o.a.catalina.core.StandardEngine - Starting Servlet engine: [Apache Tomcat/10.1.49]
2025-12-21 11:48:10 INFO  o.a.c.c.C.[Tomcat].[localhost].[/] - Initializing Spring embedded WebApplicationContext
2025-12-21 11:48:10 INFO  o.s.b.w.s.c.ServletWebServerApplicationContext - Root WebApplicationContext: initialization completed in 9030 ms
2025-12-21 11:48:11 INFO  org.mongodb.driver.client - MongoClient with metadata {"driver": {"name": "mongo-java-driver|sync|spring-boot", "version": "5.2.1"}, "os": {"type": "Windows", "name": "Windows 11", "architecture": "amd64", "version": "10.0"}, "platform": "Java/Oracle Corporation/21.0.1+12-LTS-29"} created with settings MongoClientSettings{readPreference=primary, writeConcern=WriteConcern{w=null, wTimeout=null ms, journal=null}, retryWrites=true, retryReads=true, readConcern=ReadConcern{level=null}, credential=null, transportSettings=null, commandListeners=[], codecRegistry=ProvidersCodecRegistry{codecProviders=[ValueCodecProvider{}, BsonValueCodecProvider{}, DBRefCodecProvider{}, DBObjectCodecProvider{}, DocumentCodecProvider{}, CollectionCodecProvider{}, IterableCodecProvider{}, MapCodecProvider{}, GeoJsonCodecProvider{}, GridFSFileCodecProvider{}, Jsr310CodecProvider{}, JsonObjectCodecProvider{}, BsonCodecProvider{}, EnumCodecProvider{}, com.mongodb.client.model.mql.ExpressionCodecProvider@c318864, com.mongodb.Jep395RecordCodecProvider@7d61468c, com.mongodb.KotlinCodecProvider@45796b2a]}, loggerSettings=LoggerSettings{maxDocumentLength=1000}, clusterSettings={hosts=[localhost:27017], srvServiceName=mongodb, mode=SINGLE, requiredClusterType=UNKNOWN, requiredReplicaSetName='null', serverSelector='null', clusterListeners='[]', serverSelectionTimeout='30000 ms', localThreshold='15 ms'}, socketSettings=SocketSettings{connectTimeoutMS=10000, readTimeoutMS=0, receiveBufferSize=0, proxySettings=ProxySettings{host=null, port=null, username=null, password=null}}, heartbeatSocketSettings=SocketSettings{connectTimeoutMS=10000, readTimeoutMS=10000, receiveBufferSize=0, proxySettings=ProxySettings{host=null, port=null, username=null, password=null}}, connectionPoolSettings=ConnectionPoolSettings{maxSize=100, minSize=0, maxWaitTimeMS=120000, maxConnectionLifeTimeMS=0, maxConnectionIdleTimeMS=0, maintenanceInitialDelayMS=0, maintenanceFrequencyMS=60000, connectionPoolListeners=[], maxConnecting=2}, serverSettings=ServerSettings{heartbeatFrequencyMS=10000, minHeartbeatFrequencyMS=500, serverMonitoringMode=AUTO, serverListeners='[]', serverMonitorListeners='[]'}, sslSettings=SslSettings{enabled=false, invalidHostNameAllowed=false, context=null}, applicationName='null', compressorList=[], uuidRepresentation=JAVA_LEGACY, serverApi=null, autoEncryptionSettings=null, dnsClient=null, inetAddressResolver=null, contextProvider=null, timeoutMS=null}
2025-12-21 11:48:11 INFO  org.mongodb.driver.cluster - Monitor thread successfully connected to server with description ServerDescription{address=localhost:27017, type=STANDALONE, cryptd=false, state=CONNECTED, ok=true, minWireVersion=0, maxWireVersion=27, maxDocumentSize=16777216, logicalSessionTimeoutMinutes=30, roundTripTimeNanos=165026800, minRoundTripTimeNanos=0}
2025-12-21 11:48:12 INFO  o.s.cloud.commons.util.InetUtils - Cannot determine local hostname
2025-12-21 11:48:21 INFO  o.s.cloud.commons.util.InetUtils - Cannot determine local hostname
2025-12-21 11:48:21 INFO  o.s.c.n.e.c.DiscoveryClientOptionalArgsConfiguration - Eureka HTTP Client uses RestTemplate.
2025-12-21 11:48:23 WARN  o.s.c.l.c.LoadBalancerCacheAutoConfiguration$LoadBalancerCaffeineWarnLogger - Spring Cloud LoadBalancer is currently working with the default cache. While this cache implementation is useful for development and tests, it's recommended to use Caffeine cache in production.You can switch to using Caffeine cache, by adding it and org.springframework.cache.caffeine.CaffeineCacheManager to the classpath.
2025-12-21 11:48:24 INFO  o.s.c.n.eureka.InstanceInfoFactory - Setting initial instance status as: STARTING
2025-12-21 11:48:24 INFO  c.netflix.discovery.DiscoveryClient - Initializing Eureka in region us-east-1
2025-12-21 11:48:24 INFO  c.n.d.s.r.aws.ConfigClusterResolver - Resolving eureka endpoints via configuration
2025-12-21 11:48:24 INFO  c.netflix.discovery.DiscoveryClient - Disable delta property : false
2025-12-21 11:48:24 INFO  c.netflix.discovery.DiscoveryClient - Single vip registry refresh property : null
2025-12-21 11:48:24 INFO  c.netflix.discovery.DiscoveryClient - Force full registry fetch : false
2025-12-21 11:48:24 INFO  c.netflix.discovery.DiscoveryClient - Application is null : false
2025-12-21 11:48:24 INFO  c.netflix.discovery.DiscoveryClient - Registered Applications size is zero : true
2025-12-21 11:48:24 INFO  c.netflix.discovery.DiscoveryClient - Application version is -1: true
2025-12-21 11:48:24 INFO  c.netflix.discovery.DiscoveryClient - Getting all instance registry info from the eureka server
2025-12-21 11:48:26 INFO  c.netflix.discovery.DiscoveryClient - The response status is 200
2025-12-21 11:48:26 INFO  c.netflix.discovery.DiscoveryClient - Starting heartbeat executor: renew interval is: 30
2025-12-21 11:48:26 INFO  c.n.discovery.InstanceInfoReplicator - InstanceInfoReplicator onDemand update allowed rate per min is 4
2025-12-21 11:48:26 INFO  c.netflix.discovery.DiscoveryClient - Discovery Client initialized at timestamp 1766297906131 with initial instances count: 0
2025-12-21 11:48:26 INFO  o.s.c.n.e.s.EurekaServiceRegistry - Registering application FLIGHTSERVICE with eureka with status UP
2025-12-21 11:48:26 INFO  c.netflix.discovery.DiscoveryClient - Saw local status change event StatusChangeEvent [timestamp=1766297906171, current=UP, previous=STARTING]
2025-12-21 11:48:26 INFO  c.netflix.discovery.DiscoveryClient - DiscoveryClient_FLIGHTSERVICE/localhost:flightservice: registering service...
2025-12-21 11:48:26 INFO  o.s.c.n.e.s.EurekaServiceRegistry - Unregistering application FLIGHTSERVICE with eureka with status DOWN
2025-12-21 11:48:26 INFO  c.netflix.discovery.DiscoveryClient - Saw local status change event StatusChangeEvent [timestamp=1766297906227, current=DOWN, previous=UP]
2025-12-21 11:48:26 WARN  o.s.b.w.s.c.AnnotationConfigServletWebServerApplicationContext - Exception encountered during context initialization - cancelling refresh attempt: org.springframework.context.ApplicationContextException: Failed to start bean 'webServerStartStop'
2025-12-21 11:48:26 INFO  c.netflix.discovery.DiscoveryClient - Shutting down DiscoveryClient ...
2025-12-21 11:48:26 INFO  c.netflix.discovery.DiscoveryClient - DiscoveryClient_FLIGHTSERVICE/localhost:flightservice - registration status: 204
2025-12-21 11:48:26 INFO  c.netflix.discovery.DiscoveryClient - DiscoveryClient_FLIGHTSERVICE/localhost:flightservice: registering service...
2025-12-21 11:48:26 INFO  c.netflix.discovery.DiscoveryClient - DiscoveryClient_FLIGHTSERVICE/localhost:flightservice - registration status: 204
2025-12-21 11:48:26 INFO  c.netflix.discovery.DiscoveryClient - Unregistering ...
2025-12-21 11:48:26 INFO  c.netflix.discovery.DiscoveryClient - DiscoveryClient_FLIGHTSERVICE/localhost:flightservice - deregister  status: 200
2025-12-21 11:48:26 INFO  c.netflix.discovery.DiscoveryClient - Completed shut down of DiscoveryClient
2025-12-21 11:48:26 INFO  o.a.catalina.core.StandardService - Stopping service [Tomcat]
2025-12-21 11:48:26 INFO  o.s.b.a.l.ConditionEvaluationReportLogger - 

Error starting ApplicationContext. To display the condition evaluation report re-run your application with 'debug' enabled.
2025-12-21 11:48:26 ERROR o.s.b.d.LoggingFailureAnalysisReporter - 

***************************
APPLICATION FAILED TO START
***************************

Description:

Web server failed to start. Port 8080 was already in use.

Action:

Identify and stop the process that's listening on port 8080 or configure this application to listen on another port.

